#
# There is insufficient memory for the Java Runtime Environment to continue.
# Native memory allocation (malloc) failed to allocate 1267536 bytes for Chunk::new
# Possible reasons:
#   The system is out of physical RAM or swap space
#   The process is running with CompressedOops enabled, and the Java Heap may be blocking the growth of the native heap
# Possible solutions:
#   Reduce memory load on the system
#   Increase physical memory or swap space
#   Check if swap backing store is full
#   Decrease Java heap size (-Xmx/-Xms)
#   Decrease number of Java threads
#   Decrease Java thread stack sizes (-Xss)
#   Set larger code cache with -XX:ReservedCodeCacheSize=
#   JVM is running with Unscaled Compressed Oops mode in which the Java heap is
#     placed in the first 4GB address space. The Java Heap base address is the
#     maximum limit for the native heap growth. Please use -XX:HeapBaseMinAddress
#     to set the Java Heap base and to place the Java Heap above 4GB virtual address.
# This output file may be truncated or incomplete.
#
#  Out of Memory Error (src/hotspot/share/memory/arena.cpp:197), pid=130492, tid=131576
#
# JRE version: OpenJDK Runtime Environment (11.0.15) (build 11.0.15+0-b2043.56-9505619)
# Java VM: OpenJDK 64-Bit Server VM (11.0.15+0-b2043.56-9505619, mixed mode, tiered, compressed oops, g1 gc, windows-amd64)
# No core dump will be written. Minidumps are not enabled by default on client versions of Windows
#

---------------  S U M M A R Y ------------

Command Line: --add-opens=java.base/java.util=ALL-UNNAMED --add-opens=java.base/java.lang=ALL-UNNAMED --add-opens=java.base/java.lang.invoke=ALL-UNNAMED --add-opens=java.base/java.util=ALL-UNNAMED --add-opens=java.prefs/java.util.prefs=ALL-UNNAMED --add-opens=java.prefs/java.util.prefs=ALL-UNNAMED --add-opens=java.base/java.nio.charset=ALL-UNNAMED --add-opens=java.base/java.net=ALL-UNNAMED --add-opens=java.base/java.util.concurrent.atomic=ALL-UNNAMED -Xmx2048m -Dfile.encoding=UTF-8 -Duser.country=US -Duser.language=en -Duser.variant org.gradle.launcher.daemon.bootstrap.GradleDaemon 7.5

Host: Intel(R) Core(TM) i7-10610U CPU @ 1.80GHz, 8 cores, 15G,  Windows 11 , 64 bit Build 22000 (10.0.22000.1335)
Time: Sun Feb 19 16:42:12 2023 Eastern Standard Time elapsed time: 2062.031063 seconds (0d 0h 34m 22s)

---------------  T H R E A D  ---------------

Current thread (0x000001f13bc89000):  JavaThread "C2 CompilerThread2" daemon [_thread_in_native, id=131576, stack(0x0000000d2dd00000,0x0000000d2de00000)]


Current CompileTask:
C2:2062031 19216       4       org.gradle.api.internal.artifacts.transform.TransformingAsyncArtifactListener$TransformedArtifact::lambda$visit$1 (65 bytes)

Stack: [0x0000000d2dd00000,0x0000000d2de00000]
Native frames: (J=compiled Java code, j=interpreted, Vv=VM code, C=native code)
V  [jvm.dll+0x64135a]
V  [jvm.dll+0x7d39f9]
V  [jvm.dll+0x7d51b9]
V  [jvm.dll+0x7d58a3]
V  [jvm.dll+0x2691c5]
V  [jvm.dll+0xc1a5c]
V  [jvm.dll+0xc200c]
V  [jvm.dll+0x377462]
V  [jvm.dll+0x342495]
V  [jvm.dll+0x34186a]
V  [jvm.dll+0x2214bd]
V  [jvm.dll+0x220498]
V  [jvm.dll+0x19e851]
V  [jvm.dll+0x230479]
V  [jvm.dll+0x22e5ef]
V  [jvm.dll+0x794de1]
V  [jvm.dll+0x78dc24]
V  [jvm.dll+0x6400f6]
C  [ucrtbase.dll+0x26c0c]
C  [KERNEL32.DLL+0x155a0]
C  [ntdll.dll+0x485b]


---------------  P R O C E S S  ---------------

Threads class SMR info:
_java_thread_list=0x000001f14357c220, length=139, elements={
0x000001f11d314000, 0x000001f138038000, 0x000001f138045800, 0x000001f13809b800,
0x000001f13809d000, 0x000001f13809e000, 0x000001f1380a2000, 0x000001f1380ae800,
0x000001f1380b4000, 0x000001f13821e000, 0x000001f13a700000, 0x000001f13a44f000,
0x000001f13a404000, 0x000001f13ab2a800, 0x000001f13ab2d800, 0x000001f13ab29800,
0x000001f13ab28000, 0x000001f13ab2b000, 0x000001f13ab2e800, 0x000001f13b6b8000,
0x000001f13b6b5800, 0x000001f13b6b2800, 0x000001f13b6b3000, 0x000001f13b6ba000,
0x000001f13b6bb800, 0x000001f13eaca000, 0x000001f13eacb000, 0x000001f13d926800,
0x000001f13d925800, 0x000001f13d928000, 0x000001f138934000, 0x000001f13ead5000,
0x000001f138f7e000, 0x000001f138f7f000, 0x000001f138f82000, 0x000001f138f80800,
0x000001f138f83000, 0x000001f138f81000, 0x000001f138f7f800, 0x000001f138f86000,
0x000001f138f87000, 0x000001f138f83800, 0x000001f138f84800, 0x000001f138f89800,
0x000001f138f85800, 0x000001f138f88000, 0x000001f138f8b000, 0x000001f138f88800,
0x000001f138f8a000, 0x000001f138f8c800, 0x000001f138f8c000, 0x000001f138937000,
0x000001f138936800, 0x000001f138934800, 0x000001f138939000, 0x000001f138939800,
0x000001f138935800, 0x000001f138938000, 0x000001f13893a800, 0x000001f138941000,
0x000001f13893f800, 0x000001f13893d000, 0x000001f13893c000, 0x000001f13893d800,
0x000001f13893b800, 0x000001f13893e800, 0x000001f138942000, 0x000001f138940000,
0x000001f138942800, 0x000001f13ead6000, 0x000001f13ead6800, 0x000001f13ead8800,
0x000001f13eada000, 0x000001f13ead7800, 0x000001f13ead4000, 0x000001f13ead9000,
0x000001f13eade000, 0x000001f13eada800, 0x000001f13eadf800, 0x000001f13eadd000,
0x000001f13eadf000, 0x000001f13eae1800, 0x000001f13eadc800, 0x000001f13eae0800,
0x000001f13eadb800, 0x000001f13eae2000, 0x000001f13eae3000, 0x000001f13eabe800,
0x000001f13eabf800, 0x000001f13eac0800, 0x000001f13eabd000, 0x000001f13eac1000,
0x000001f13eac2000, 0x000001f13eabe000, 0x000001f13eabc000, 0x000001f13eac7800,
0x000001f13eac5000, 0x000001f13eac2800, 0x000001f13eac7000, 0x000001f13eac8800,
0x000001f13eac6000, 0x000001f13eac4800, 0x000001f13eac9800, 0x000001f13eac3800,
0x000001f13b6ba800, 0x000001f13b6b5000, 0x000001f13b6c1000, 0x000001f13b6bc000,
0x000001f13b6bd000, 0x000001f13b6be800, 0x000001f13b6be000, 0x000001f13b6c0800,
0x000001f13b6bf800, 0x000001f13d929000, 0x000001f13d929800, 0x000001f13d924000,
0x000001f13d92a800, 0x000001f13d924800, 0x000001f13ab2c000, 0x000001f13ab28800,
0x000001f13ab2c800, 0x000001f140419800, 0x000001f140418000, 0x000001f140416800,
0x000001f14041c000, 0x000001f14041a800, 0x000001f140418800, 0x000001f14041b000,
0x000001f14041d000, 0x000001f140417000, 0x000001f140422800, 0x000001f14041d800,
0x000001f14041f800, 0x000001f140421000, 0x000001f140421800, 0x000001f140423800,
0x000001f14041e800, 0x000001f13bc85000, 0x000001f13bc89000
}

Java Threads: ( => current thread )
  0x000001f11d314000 JavaThread "main" [_thread_blocked, id=128956, stack(0x0000000d24500000,0x0000000d24600000)]
  0x000001f138038000 JavaThread "Reference Handler" daemon [_thread_blocked, id=128152, stack(0x0000000d24c00000,0x0000000d24d00000)]
  0x000001f138045800 JavaThread "Finalizer" daemon [_thread_blocked, id=113524, stack(0x0000000d24d00000,0x0000000d24e00000)]
  0x000001f13809b800 JavaThread "Signal Dispatcher" daemon [_thread_blocked, id=128380, stack(0x0000000d24e00000,0x0000000d24f00000)]
  0x000001f13809d000 JavaThread "Attach Listener" daemon [_thread_blocked, id=129268, stack(0x0000000d24f00000,0x0000000d25000000)]
  0x000001f13809e000 JavaThread "Service Thread" daemon [_thread_blocked, id=129212, stack(0x0000000d25000000,0x0000000d25100000)]
  0x000001f1380a2000 JavaThread "C2 CompilerThread0" daemon [_thread_blocked, id=129724, stack(0x0000000d25100000,0x0000000d25200000)]
  0x000001f1380ae800 JavaThread "C1 CompilerThread0" daemon [_thread_blocked, id=128296, stack(0x0000000d25200000,0x0000000d25300000)]
  0x000001f1380b4000 JavaThread "Sweeper thread" daemon [_thread_blocked, id=111528, stack(0x0000000d25300000,0x0000000d25400000)]
  0x000001f13821e000 JavaThread "Common-Cleaner" daemon [_thread_blocked, id=130948, stack(0x0000000d25400000,0x0000000d25500000)]
  0x000001f13a700000 JavaThread "Daemon health stats" [_thread_blocked, id=119284, stack(0x0000000d25d00000,0x0000000d25e00000)]
  0x000001f13a44f000 JavaThread "Incoming local TCP Connector on port 57624" [_thread_in_native, id=45544, stack(0x0000000d25600000,0x0000000d25700000)]
  0x000001f13a404000 JavaThread "Daemon periodic checks" [_thread_blocked, id=41328, stack(0x0000000d25c00000,0x0000000d25d00000)]
  0x000001f13ab2a800 JavaThread "Cache worker for journal cache (C:\Users\keyar\.gradle\caches\journal-1)" [_thread_blocked, id=128012, stack(0x0000000d26500000,0x0000000d26600000)]
  0x000001f13ab2d800 JavaThread "File lock request listener" [_thread_in_native, id=30440, stack(0x0000000d26600000,0x0000000d26700000)]
  0x000001f13ab29800 JavaThread "Cache worker for file hash cache (C:\Users\keyar\.gradle\caches\7.5\fileHashes)" [_thread_blocked, id=130860, stack(0x0000000d26700000,0x0000000d26800000)]
  0x000001f13ab28000 JavaThread "File watcher server" daemon [_thread_in_native, id=120796, stack(0x0000000d26d00000,0x0000000d26e00000)]
  0x000001f13ab2b000 JavaThread "File watcher consumer" daemon [_thread_blocked, id=22388, stack(0x0000000d26e00000,0x0000000d26f00000)]
  0x000001f13ab2e800 JavaThread "Cache worker for file content cache (C:\Users\keyar\.gradle\caches\7.5\fileContent)" [_thread_blocked, id=129884, stack(0x0000000d27100000,0x0000000d27200000)]
  0x000001f13b6b8000 JavaThread "Cache worker for execution history cache (C:\Users\keyar\.gradle\caches\7.5\executionHistory)" [_thread_blocked, id=129924, stack(0x0000000d27400000,0x0000000d27500000)]
  0x000001f13b6b5800 JavaThread "jar transforms" [_thread_blocked, id=121680, stack(0x0000000d26b00000,0x0000000d26c00000)]
  0x000001f13b6b2800 JavaThread "jar transforms Thread 2" [_thread_blocked, id=125472, stack(0x0000000d27500000,0x0000000d27600000)]
  0x000001f13b6b3000 JavaThread "jar transforms Thread 3" [_thread_blocked, id=127336, stack(0x0000000d27700000,0x0000000d27800000)]
  0x000001f13b6ba000 JavaThread "jar transforms Thread 4" [_thread_blocked, id=46904, stack(0x0000000d27800000,0x0000000d27900000)]
  0x000001f13b6bb800 JavaThread "jar transforms Thread 5" [_thread_blocked, id=126044, stack(0x0000000d27a00000,0x0000000d27b00000)]
  0x000001f13eaca000 JavaThread "jar transforms Thread 6" [_thread_blocked, id=122096, stack(0x0000000d2cb00000,0x0000000d2cc00000)]
  0x000001f13eacb000 JavaThread "jar transforms Thread 7" [_thread_blocked, id=129316, stack(0x0000000d2cc00000,0x0000000d2cd00000)]
  0x000001f13d926800 JavaThread "jar transforms Thread 8" [_thread_blocked, id=112924, stack(0x0000000d2cd00000,0x0000000d2ce00000)]
  0x000001f13d925800 JavaThread "Memory manager" [_thread_blocked, id=112304, stack(0x0000000d2d000000,0x0000000d2d100000)]
  0x000001f13d928000 JavaThread "pool-3-thread-1" [_thread_blocked, id=121940, stack(0x0000000d2d200000,0x0000000d2d300000)]
  0x000001f138934000 JavaThread "pool-6-thread-1" [_thread_blocked, id=130192, stack(0x0000000d2ce00000,0x0000000d2cf00000)]
  0x000001f13ead5000 JavaThread "pool-9-thread-1" [_thread_blocked, id=130660, stack(0x0000000d2cf00000,0x0000000d2d000000)]
  0x000001f138f7e000 JavaThread "pool-12-thread-1" [_thread_blocked, id=123916, stack(0x0000000d2d300000,0x0000000d2d400000)]
  0x000001f138f7f000 JavaThread "Daemon Thread 3" [_thread_blocked, id=128772, stack(0x0000000d24200000,0x0000000d24300000)]
  0x000001f138f82000 JavaThread "Handler for socket connection from /127.0.0.1:57624 to /127.0.0.1:59482" [_thread_in_native, id=123988, stack(0x0000000d24300000,0x0000000d24400000)]
  0x000001f138f80800 JavaThread "Cancel handler" [_thread_blocked, id=97840, stack(0x0000000d24400000,0x0000000d24500000)]
  0x000001f138f83000 JavaThread "Daemon worker Thread 3" [_thread_in_vm, id=130828, stack(0x0000000d25e00000,0x0000000d25f00000)]
  0x000001f138f81000 JavaThread "Asynchronous log dispatcher for DefaultDaemonConnection: socket connection from /127.0.0.1:57624 to /127.0.0.1:59482" [_thread_blocked, id=130596, stack(0x0000000d25f00000,0x0000000d26000000)]
  0x000001f138f7f800 JavaThread "Stdin handler" [_thread_blocked, id=30848, stack(0x0000000d26000000,0x0000000d26100000)]
  0x000001f138f86000 JavaThread "Daemon client event forwarder" [_thread_blocked, id=130248, stack(0x0000000d26100000,0x0000000d26200000)]
  0x000001f138f87000 JavaThread "Cache worker for checksums cache (C:\Users\keyar\WordleApp\.gradle\7.5\checksums)" [_thread_blocked, id=9652, stack(0x0000000d26300000,0x0000000d26400000)]
  0x000001f138f83800 JavaThread "Cache worker for cache directory md-rule (C:\Users\keyar\.gradle\caches\7.5\md-rule)" [_thread_blocked, id=126180, stack(0x0000000d26400000,0x0000000d26500000)]
  0x000001f138f84800 JavaThread "Cache worker for file hash cache (C:\Users\keyar\WordleApp\.gradle\7.5\fileHashes)" [_thread_blocked, id=130588, stack(0x0000000d26c00000,0x0000000d26d00000)]
  0x000001f138f89800 JavaThread "Cache worker for cache directory md-supplier (C:\Users\keyar\.gradle\caches\7.5\md-supplier)" [_thread_blocked, id=128988, stack(0x0000000d26f00000,0x0000000d27000000)]
  0x000001f138f85800 JavaThread "Cache worker for dependencies-accessors (C:\Users\keyar\WordleApp\.gradle\7.5\dependencies-accessors)" [_thread_blocked, id=18128, stack(0x0000000d27200000,0x0000000d27300000)]
  0x000001f138f88000 JavaThread "Cache worker for Build Output Cleanup Cache (C:\Users\keyar\WordleApp\.gradle\buildOutputCleanup)" [_thread_blocked, id=129448, stack(0x0000000d27000000,0x0000000d27100000)]
  0x000001f138f8b000 JavaThread "Unconstrained build operations" [_thread_blocked, id=129944, stack(0x0000000d27600000,0x0000000d27700000)]
  0x000001f138f88800 JavaThread "Unconstrained build operations Thread 2" [_thread_blocked, id=123288, stack(0x0000000d27900000,0x0000000d27a00000)]
  0x000001f138f8a000 JavaThread "Unconstrained build operations Thread 3" [_thread_blocked, id=129492, stack(0x0000000d27b00000,0x0000000d27c00000)]
  0x000001f138f8c800 JavaThread "Unconstrained build operations Thread 4" [_thread_blocked, id=51112, stack(0x0000000d27c00000,0x0000000d27d00000)]
  0x000001f138f8c000 JavaThread "Unconstrained build operations Thread 5" [_thread_blocked, id=130256, stack(0x0000000d27d00000,0x0000000d27e00000)]
  0x000001f138937000 JavaThread "Unconstrained build operations Thread 6" [_thread_blocked, id=115040, stack(0x0000000d27e00000,0x0000000d27f00000)]
  0x000001f138936800 JavaThread "Unconstrained build operations Thread 7" [_thread_blocked, id=125540, stack(0x0000000d27f00000,0x0000000d28000000)]
  0x000001f138934800 JavaThread "Unconstrained build operations Thread 8" [_thread_blocked, id=124104, stack(0x0000000d28000000,0x0000000d28100000)]
  0x000001f138939000 JavaThread "Unconstrained build operations Thread 9" [_thread_blocked, id=130320, stack(0x0000000d28100000,0x0000000d28200000)]
  0x000001f138939800 JavaThread "Unconstrained build operations Thread 10" [_thread_blocked, id=26704, stack(0x0000000d28200000,0x0000000d28300000)]
  0x000001f138935800 JavaThread "Unconstrained build operations Thread 11" [_thread_blocked, id=130404, stack(0x0000000d28300000,0x0000000d28400000)]
  0x000001f138938000 JavaThread "Unconstrained build operations Thread 12" [_thread_blocked, id=97308, stack(0x0000000d28400000,0x0000000d28500000)]
  0x000001f13893a800 JavaThread "Unconstrained build operations Thread 13" [_thread_blocked, id=126152, stack(0x0000000d28500000,0x0000000d28600000)]
  0x000001f138941000 JavaThread "Unconstrained build operations Thread 14" [_thread_blocked, id=128764, stack(0x0000000d28600000,0x0000000d28700000)]
  0x000001f13893f800 JavaThread "Unconstrained build operations Thread 15" [_thread_blocked, id=117628, stack(0x0000000d28700000,0x0000000d28800000)]
  0x000001f13893d000 JavaThread "Unconstrained build operations Thread 16" [_thread_blocked, id=101800, stack(0x0000000d28800000,0x0000000d28900000)]
  0x000001f13893c000 JavaThread "Unconstrained build operations Thread 17" [_thread_blocked, id=128148, stack(0x0000000d28900000,0x0000000d28a00000)]
  0x000001f13893d800 JavaThread "Unconstrained build operations Thread 18" [_thread_blocked, id=129324, stack(0x0000000d28a00000,0x0000000d28b00000)]
  0x000001f13893b800 JavaThread "Unconstrained build operations Thread 19" [_thread_blocked, id=125532, stack(0x0000000d28b00000,0x0000000d28c00000)]
  0x000001f13893e800 JavaThread "Unconstrained build operations Thread 20" [_thread_blocked, id=127576, stack(0x0000000d28c00000,0x0000000d28d00000)]
  0x000001f138942000 JavaThread "Unconstrained build operations Thread 21" [_thread_blocked, id=125600, stack(0x0000000d28d00000,0x0000000d28e00000)]
  0x000001f138940000 JavaThread "Unconstrained build operations Thread 22" [_thread_blocked, id=127120, stack(0x0000000d28e00000,0x0000000d28f00000)]
  0x000001f138942800 JavaThread "Unconstrained build operations Thread 23" [_thread_blocked, id=49684, stack(0x0000000d28f00000,0x0000000d29000000)]
  0x000001f13ead6000 JavaThread "Unconstrained build operations Thread 24" [_thread_blocked, id=97588, stack(0x0000000d29000000,0x0000000d29100000)]
  0x000001f13ead6800 JavaThread "Unconstrained build operations Thread 25" [_thread_blocked, id=6832, stack(0x0000000d29100000,0x0000000d29200000)]
  0x000001f13ead8800 JavaThread "Unconstrained build operations Thread 26" [_thread_blocked, id=127764, stack(0x0000000d29200000,0x0000000d29300000)]
  0x000001f13eada000 JavaThread "Unconstrained build operations Thread 27" [_thread_blocked, id=97736, stack(0x0000000d29300000,0x0000000d29400000)]
  0x000001f13ead7800 JavaThread "Unconstrained build operations Thread 28" [_thread_blocked, id=128744, stack(0x0000000d29400000,0x0000000d29500000)]
  0x000001f13ead4000 JavaThread "Unconstrained build operations Thread 29" [_thread_blocked, id=127544, stack(0x0000000d29500000,0x0000000d29600000)]
  0x000001f13ead9000 JavaThread "Unconstrained build operations Thread 30" [_thread_blocked, id=18776, stack(0x0000000d29600000,0x0000000d29700000)]
  0x000001f13eade000 JavaThread "Unconstrained build operations Thread 31" [_thread_blocked, id=125788, stack(0x0000000d29700000,0x0000000d29800000)]
  0x000001f13eada800 JavaThread "Unconstrained build operations Thread 32" [_thread_blocked, id=35008, stack(0x0000000d29800000,0x0000000d29900000)]
  0x000001f13eadf800 JavaThread "Unconstrained build operations Thread 33" [_thread_blocked, id=131048, stack(0x0000000d29900000,0x0000000d29a00000)]
  0x000001f13eadd000 JavaThread "Unconstrained build operations Thread 34" [_thread_blocked, id=129572, stack(0x0000000d29a00000,0x0000000d29b00000)]
  0x000001f13eadf000 JavaThread "Unconstrained build operations Thread 35" [_thread_blocked, id=130188, stack(0x0000000d29b00000,0x0000000d29c00000)]
  0x000001f13eae1800 JavaThread "Unconstrained build operations Thread 36" [_thread_blocked, id=130336, stack(0x0000000d29c00000,0x0000000d29d00000)]
  0x000001f13eadc800 JavaThread "Unconstrained build operations Thread 37" [_thread_blocked, id=127444, stack(0x0000000d29d00000,0x0000000d29e00000)]
  0x000001f13eae0800 JavaThread "Unconstrained build operations Thread 38" [_thread_blocked, id=130284, stack(0x0000000d29e00000,0x0000000d29f00000)]
  0x000001f13eadb800 JavaThread "Unconstrained build operations Thread 39" [_thread_blocked, id=126284, stack(0x0000000d29f00000,0x0000000d2a000000)]
  0x000001f13eae2000 JavaThread "Unconstrained build operations Thread 40" [_thread_blocked, id=44272, stack(0x0000000d2a000000,0x0000000d2a100000)]
  0x000001f13eae3000 JavaThread "Unconstrained build operations Thread 41" [_thread_blocked, id=125744, stack(0x0000000d2a100000,0x0000000d2a200000)]
  0x000001f13eabe800 JavaThread "Unconstrained build operations Thread 42" [_thread_blocked, id=121676, stack(0x0000000d2a200000,0x0000000d2a300000)]
  0x000001f13eabf800 JavaThread "Unconstrained build operations Thread 43" [_thread_blocked, id=11260, stack(0x0000000d2a300000,0x0000000d2a400000)]
  0x000001f13eac0800 JavaThread "Unconstrained build operations Thread 44" [_thread_blocked, id=126696, stack(0x0000000d2a400000,0x0000000d2a500000)]
  0x000001f13eabd000 JavaThread "Unconstrained build operations Thread 45" [_thread_blocked, id=121460, stack(0x0000000d2a500000,0x0000000d2a600000)]
  0x000001f13eac1000 JavaThread "Unconstrained build operations Thread 46" [_thread_blocked, id=96608, stack(0x0000000d2a600000,0x0000000d2a700000)]
  0x000001f13eac2000 JavaThread "Unconstrained build operations Thread 47" [_thread_blocked, id=130940, stack(0x0000000d2a700000,0x0000000d2a800000)]
  0x000001f13eabe000 JavaThread "Unconstrained build operations Thread 48" [_thread_blocked, id=130140, stack(0x0000000d2a800000,0x0000000d2a900000)]
  0x000001f13eabc000 JavaThread "Unconstrained build operations Thread 49" [_thread_blocked, id=124632, stack(0x0000000d2a900000,0x0000000d2aa00000)]
  0x000001f13eac7800 JavaThread "Unconstrained build operations Thread 50" [_thread_blocked, id=120292, stack(0x0000000d2aa00000,0x0000000d2ab00000)]
  0x000001f13eac5000 JavaThread "Unconstrained build operations Thread 51" [_thread_blocked, id=127288, stack(0x0000000d2ab00000,0x0000000d2ac00000)]
  0x000001f13eac2800 JavaThread "Unconstrained build operations Thread 52" [_thread_blocked, id=39748, stack(0x0000000d2ac00000,0x0000000d2ad00000)]
  0x000001f13eac7000 JavaThread "Unconstrained build operations Thread 53" [_thread_blocked, id=130972, stack(0x0000000d2ad00000,0x0000000d2ae00000)]
  0x000001f13eac8800 JavaThread "Unconstrained build operations Thread 54" [_thread_blocked, id=15420, stack(0x0000000d2ae00000,0x0000000d2af00000)]
  0x000001f13eac6000 JavaThread "Unconstrained build operations Thread 55" [_thread_blocked, id=124736, stack(0x0000000d2af00000,0x0000000d2b000000)]
  0x000001f13eac4800 JavaThread "Unconstrained build operations Thread 56" [_thread_blocked, id=106532, stack(0x0000000d2b000000,0x0000000d2b100000)]
  0x000001f13eac9800 JavaThread "Unconstrained build operations Thread 57" [_thread_blocked, id=127668, stack(0x0000000d2b100000,0x0000000d2b200000)]
  0x000001f13eac3800 JavaThread "Unconstrained build operations Thread 58" [_thread_blocked, id=127744, stack(0x0000000d2b200000,0x0000000d2b300000)]
  0x000001f13b6ba800 JavaThread "Unconstrained build operations Thread 59" [_thread_blocked, id=91608, stack(0x0000000d2b300000,0x0000000d2b400000)]
  0x000001f13b6b5000 JavaThread "Unconstrained build operations Thread 60" [_thread_blocked, id=129592, stack(0x0000000d2b400000,0x0000000d2b500000)]
  0x000001f13b6c1000 JavaThread "Unconstrained build operations Thread 61" [_thread_blocked, id=11716, stack(0x0000000d2b500000,0x0000000d2b600000)]
  0x000001f13b6bc000 JavaThread "Unconstrained build operations Thread 62" [_thread_blocked, id=121644, stack(0x0000000d2b600000,0x0000000d2b700000)]
  0x000001f13b6bd000 JavaThread "Unconstrained build operations Thread 63" [_thread_blocked, id=115368, stack(0x0000000d2b700000,0x0000000d2b800000)]
  0x000001f13b6be800 JavaThread "Unconstrained build operations Thread 64" [_thread_blocked, id=124148, stack(0x0000000d2b800000,0x0000000d2b900000)]
  0x000001f13b6be000 JavaThread "Unconstrained build operations Thread 65" [_thread_blocked, id=113384, stack(0x0000000d2b900000,0x0000000d2ba00000)]
  0x000001f13b6c0800 JavaThread "Unconstrained build operations Thread 66" [_thread_blocked, id=125432, stack(0x0000000d2ba00000,0x0000000d2bb00000)]
  0x000001f13b6bf800 JavaThread "Unconstrained build operations Thread 67" [_thread_blocked, id=128276, stack(0x0000000d2bb00000,0x0000000d2bc00000)]
  0x000001f13d929000 JavaThread "Unconstrained build operations Thread 68" [_thread_blocked, id=129220, stack(0x0000000d2bc00000,0x0000000d2bd00000)]
  0x000001f13d929800 JavaThread "Unconstrained build operations Thread 69" [_thread_blocked, id=126080, stack(0x0000000d2bd00000,0x0000000d2be00000)]
  0x000001f13d924000 JavaThread "Unconstrained build operations Thread 70" [_thread_blocked, id=130420, stack(0x0000000d2be00000,0x0000000d2bf00000)]
  0x000001f13d92a800 JavaThread "Unconstrained build operations Thread 71" [_thread_blocked, id=121592, stack(0x0000000d2bf00000,0x0000000d2c000000)]
  0x000001f13d924800 JavaThread "Unconstrained build operations Thread 72" [_thread_blocked, id=131076, stack(0x0000000d2c000000,0x0000000d2c100000)]
  0x000001f13ab2c000 JavaThread "Unconstrained build operations Thread 73" [_thread_blocked, id=131080, stack(0x0000000d2c100000,0x0000000d2c200000)]
  0x000001f13ab28800 JavaThread "Unconstrained build operations Thread 74" [_thread_blocked, id=131084, stack(0x0000000d2c200000,0x0000000d2c300000)]
  0x000001f13ab2c800 JavaThread "Unconstrained build operations Thread 75" [_thread_blocked, id=131088, stack(0x0000000d2c300000,0x0000000d2c400000)]
  0x000001f140419800 JavaThread "Unconstrained build operations Thread 76" [_thread_blocked, id=131092, stack(0x0000000d2c400000,0x0000000d2c500000)]
  0x000001f140418000 JavaThread "Unconstrained build operations Thread 77" [_thread_blocked, id=131096, stack(0x0000000d2c500000,0x0000000d2c600000)]
  0x000001f140416800 JavaThread "Unconstrained build operations Thread 78" [_thread_blocked, id=131100, stack(0x0000000d2c600000,0x0000000d2c700000)]
  0x000001f14041c000 JavaThread "Unconstrained build operations Thread 79" [_thread_blocked, id=131104, stack(0x0000000d2c700000,0x0000000d2c800000)]
  0x000001f14041a800 JavaThread "Unconstrained build operations Thread 80" [_thread_blocked, id=131108, stack(0x0000000d2c800000,0x0000000d2c900000)]
  0x000001f140418800 JavaThread "pool-15-thread-1" [_thread_blocked, id=131216, stack(0x0000000d2c900000,0x0000000d2ca00000)]
  0x000001f14041b000 JavaThread "included builds" [_thread_blocked, id=131236, stack(0x0000000d2ca00000,0x0000000d2cb00000)]
  0x000001f14041d000 JavaThread "Execution worker" [_thread_blocked, id=131240, stack(0x0000000d2d400000,0x0000000d2d500000)]
  0x000001f140417000 JavaThread "Execution worker Thread 2" [_thread_blocked, id=131244, stack(0x0000000d2d500000,0x0000000d2d600000)]
  0x000001f140422800 JavaThread "Execution worker Thread 3" [_thread_blocked, id=131248, stack(0x0000000d2d600000,0x0000000d2d700000)]
  0x000001f14041d800 JavaThread "Execution worker Thread 4" [_thread_blocked, id=131252, stack(0x0000000d2d700000,0x0000000d2d800000)]
  0x000001f14041f800 JavaThread "Execution worker Thread 5" [_thread_blocked, id=131256, stack(0x0000000d2d800000,0x0000000d2d900000)]
  0x000001f140421000 JavaThread "Execution worker Thread 6" [_thread_blocked, id=131260, stack(0x0000000d2d900000,0x0000000d2da00000)]
  0x000001f140421800 JavaThread "Execution worker Thread 7" [_thread_blocked, id=131264, stack(0x0000000d2da00000,0x0000000d2db00000)]
  0x000001f140423800 JavaThread "Cache worker for execution history cache (C:\Users\keyar\WordleApp\.gradle\7.5\executionHistory)" [_thread_blocked, id=131268, stack(0x0000000d2db00000,0x0000000d2dc00000)]
  0x000001f14041e800 JavaThread "idea-tooling-model-converter" [_thread_blocked, id=131272, stack(0x0000000d2dc00000,0x0000000d2dd00000)]
  0x000001f13bc85000 JavaThread "C2 CompilerThread1" daemon [_thread_in_native, id=131556, stack(0x0000000d27300000,0x0000000d27400000)]
=>0x000001f13bc89000 JavaThread "C2 CompilerThread2" daemon [_thread_in_native, id=131576, stack(0x0000000d2dd00000,0x0000000d2de00000)]

Other Threads:
  0x000001f138033000 VMThread "VM Thread" [stack: 0x0000000d24b00000,0x0000000d24c00000] [id=129912]
  0x000001f138237800 WatcherThread [stack: 0x0000000d25500000,0x0000000d25600000] [id=124960]
  0x000001f11d32c800 GCTaskThread "GC Thread#0" [stack: 0x0000000d24600000,0x0000000d24700000] [id=126620]
  0x000001f139164000 GCTaskThread "GC Thread#1" [stack: 0x0000000d25700000,0x0000000d25800000] [id=47568]
  0x000001f1391fd800 GCTaskThread "GC Thread#2" [stack: 0x0000000d25800000,0x0000000d25900000] [id=116220]
  0x000001f139174800 GCTaskThread "GC Thread#3" [stack: 0x0000000d25900000,0x0000000d25a00000] [id=129216]
  0x000001f139b78000 GCTaskThread "GC Thread#4" [stack: 0x0000000d25a00000,0x0000000d25b00000] [id=124940]
  0x000001f139875800 GCTaskThread "GC Thread#5" [stack: 0x0000000d25b00000,0x0000000d25c00000] [id=128880]
  0x000001f13acbb800 GCTaskThread "GC Thread#6" [stack: 0x0000000d26800000,0x0000000d26900000] [id=128108]
  0x000001f13b61a800 GCTaskThread "GC Thread#7" [stack: 0x0000000d26900000,0x0000000d26a00000] [id=130100]
  0x000001f11d35f000 ConcurrentGCThread "G1 Main Marker" [stack: 0x0000000d24700000,0x0000000d24800000] [id=120736]
  0x000001f11d361000 ConcurrentGCThread "G1 Conc#0" [stack: 0x0000000d24800000,0x0000000d24900000] [id=126724]
  0x000001f138c65000 ConcurrentGCThread "G1 Conc#1" [stack: 0x0000000d26a00000,0x0000000d26b00000] [id=130224]
  0x000001f137684800 ConcurrentGCThread "G1 Refine#0" [stack: 0x0000000d24900000,0x0000000d24a00000] [id=123268]
  0x000001f13ead2800 ConcurrentGCThread "G1 Refine#1" [stack: 0x0000000d2d100000,0x0000000d2d200000] [id=126308]
  0x000001f141058000 ConcurrentGCThread "G1 Refine#2" [stack: 0x0000000d26200000,0x0000000d26300000] [id=15012]
  0x000001f137687000 ConcurrentGCThread "G1 Young RemSet Sampling" [stack: 0x0000000d24a00000,0x0000000d24b00000] [id=125756]

Threads with active compile tasks:
C2 CompilerThread1  2062090 19217       4       org.gradle.api.internal.artifacts.transform.TransformingAsyncArtifactListener$TransformedArtifact$$Lambda$1030/0x0000000100c43440::accept (16 bytes)
C2 CompilerThread2  2062090 19216       4       org.gradle.api.internal.artifacts.transform.TransformingAsyncArtifactListener$TransformedArtifact::lambda$visit$1 (65 bytes)

VM state:not at safepoint (normal execution)

VM Mutex/Monitor currently owned by a thread: None

Heap address: 0x0000000080000000, size: 2048 MB, Compressed Oops mode: 32-bit
Narrow klass base: 0x0000000000000000, Narrow klass shift: 3
Compressed class space size: 1073741824 Address: 0x0000000100000000

Heap:
 garbage-first heap   total 258048K, used 221324K [0x0000000080000000, 0x0000000100000000)
  region size 1024K, 14 young (14336K), 1 survivors (1024K)
 Metaspace       used 128956K, capacity 132464K, committed 132772K, reserved 1165312K
  class space    used 16012K, capacity 17301K, committed 17408K, reserved 1048576K
Heap Regions: E=young(eden), S=young(survivor), O=old, HS=humongous(starts), HC=humongous(continues), CS=collection set, F=free, A=archive, TAMS=top-at-mark-start (previous, next)
|   0|0x0000000080000000, 0x0000000080100000, 0x0000000080100000|100%| O|  |TAMS 0x0000000080100000, 0x0000000080000000| Untracked 
|   1|0x0000000080100000, 0x0000000080200000, 0x0000000080200000|100%| O|  |TAMS 0x0000000080200000, 0x0000000080100000| Untracked 
|   2|0x0000000080200000, 0x0000000080300000, 0x0000000080300000|100%| O|  |TAMS 0x0000000080300000, 0x0000000080200000| Untracked 
|   3|0x0000000080300000, 0x0000000080400000, 0x0000000080400000|100%|HS|  |TAMS 0x0000000080400000, 0x0000000080300000| Complete 
|   4|0x0000000080400000, 0x0000000080500000, 0x0000000080500000|100%|HC|  |TAMS 0x0000000080500000, 0x0000000080400000| Complete 
|   5|0x0000000080500000, 0x0000000080600000, 0x0000000080600000|100%|HC|  |TAMS 0x0000000080600000, 0x0000000080500000| Complete 
|   6|0x0000000080600000, 0x0000000080700000, 0x0000000080700000|100%| O|  |TAMS 0x0000000080700000, 0x0000000080600000| Untracked 
|   7|0x0000000080700000, 0x0000000080800000, 0x0000000080800000|100%| O|  |TAMS 0x0000000080800000, 0x0000000080700000| Untracked 
|   8|0x0000000080800000, 0x0000000080900000, 0x0000000080900000|100%| O|  |TAMS 0x0000000080900000, 0x0000000080800000| Untracked 
|   9|0x0000000080900000, 0x0000000080a00000, 0x0000000080a00000|100%| O|  |TAMS 0x0000000080a00000, 0x0000000080900000| Untracked 
|  10|0x0000000080a00000, 0x0000000080b00000, 0x0000000080b00000|100%| O|  |TAMS 0x0000000080b00000, 0x0000000080a00000| Untracked 
|  11|0x0000000080b00000, 0x0000000080c00000, 0x0000000080c00000|100%| O|  |TAMS 0x0000000080c00000, 0x0000000080b00000| Untracked 
|  12|0x0000000080c00000, 0x0000000080d00000, 0x0000000080d00000|100%| O|  |TAMS 0x0000000080d00000, 0x0000000080c00000| Untracked 
|  13|0x0000000080d00000, 0x0000000080e00000, 0x0000000080e00000|100%| O|  |TAMS 0x0000000080e00000, 0x0000000080d00000| Untracked 
|  14|0x0000000080e00000, 0x0000000080f00000, 0x0000000080f00000|100%| O|  |TAMS 0x0000000080f00000, 0x0000000080e00000| Complete 
|  15|0x0000000080f00000, 0x0000000081000000, 0x0000000081000000|100%| O|  |TAMS 0x0000000081000000, 0x0000000080f00000| Untracked 
|  16|0x0000000081000000, 0x0000000081100000, 0x0000000081100000|100%| O|  |TAMS 0x0000000081100000, 0x0000000081000000| Untracked 
|  17|0x0000000081100000, 0x0000000081200000, 0x0000000081200000|100%|HS|  |TAMS 0x0000000081200000, 0x0000000081100000| Complete 
|  18|0x0000000081200000, 0x0000000081300000, 0x0000000081300000|100%|HS|  |TAMS 0x0000000081300000, 0x0000000081200000| Complete 
|  19|0x0000000081300000, 0x0000000081400000, 0x0000000081400000|100%|HC|  |TAMS 0x0000000081400000, 0x0000000081300000| Complete 
|  20|0x0000000081400000, 0x0000000081500000, 0x0000000081500000|100%|HS|  |TAMS 0x0000000081500000, 0x0000000081400000| Complete 
|  21|0x0000000081500000, 0x0000000081600000, 0x0000000081600000|100%|HS|  |TAMS 0x0000000081600000, 0x0000000081500000| Complete 
|  22|0x0000000081600000, 0x0000000081700000, 0x0000000081700000|100%|HC|  |TAMS 0x0000000081700000, 0x0000000081600000| Complete 
|  23|0x0000000081700000, 0x0000000081800000, 0x0000000081800000|100%|HC|  |TAMS 0x0000000081800000, 0x0000000081700000| Complete 
|  24|0x0000000081800000, 0x0000000081900000, 0x0000000081900000|100%|HC|  |TAMS 0x0000000081900000, 0x0000000081800000| Complete 
|  25|0x0000000081900000, 0x0000000081a00000, 0x0000000081a00000|100%| O|  |TAMS 0x0000000081a00000, 0x0000000081900000| Untracked 
|  26|0x0000000081a00000, 0x0000000081b00000, 0x0000000081b00000|100%| O|  |TAMS 0x0000000081b00000, 0x0000000081a00000| Complete 
|  27|0x0000000081b00000, 0x0000000081c00000, 0x0000000081c00000|100%| O|  |TAMS 0x0000000081c00000, 0x0000000081b00000| Complete 
|  28|0x0000000081c00000, 0x0000000081d00000, 0x0000000081d00000|100%| O|  |TAMS 0x0000000081d00000, 0x0000000081c00000| Complete 
|  29|0x0000000081d00000, 0x0000000081e00000, 0x0000000081e00000|100%| O|  |TAMS 0x0000000081e00000, 0x0000000081d00000| Complete 
|  30|0x0000000081e00000, 0x0000000081f00000, 0x0000000081f00000|100%| O|  |TAMS 0x0000000081f00000, 0x0000000081e00000| Complete 
|  31|0x0000000081f00000, 0x0000000082000000, 0x0000000082000000|100%| O|  |TAMS 0x0000000082000000, 0x0000000081f00000| Complete 
|  32|0x0000000082000000, 0x0000000082100000, 0x0000000082100000|100%| O|  |TAMS 0x0000000082100000, 0x0000000082000000| Complete 
|  33|0x0000000082100000, 0x0000000082200000, 0x0000000082200000|100%| O|  |TAMS 0x0000000082200000, 0x0000000082100000| Untracked 
|  34|0x0000000082200000, 0x0000000082300000, 0x0000000082300000|100%| O|  |TAMS 0x0000000082300000, 0x0000000082200000| Untracked 
|  35|0x0000000082300000, 0x0000000082400000, 0x0000000082400000|100%| O|  |TAMS 0x0000000082400000, 0x0000000082300000| Untracked 
|  36|0x0000000082400000, 0x0000000082500000, 0x0000000082500000|100%| O|  |TAMS 0x0000000082500000, 0x0000000082400000| Untracked 
|  37|0x0000000082500000, 0x0000000082600000, 0x0000000082600000|100%| O|  |TAMS 0x0000000082600000, 0x0000000082500000| Complete 
|  38|0x0000000082600000, 0x0000000082700000, 0x0000000082700000|100%| O|  |TAMS 0x0000000082700000, 0x0000000082600000| Complete 
|  39|0x0000000082700000, 0x0000000082800000, 0x0000000082800000|100%| O|  |TAMS 0x0000000082800000, 0x0000000082700000| Complete 
|  40|0x0000000082800000, 0x0000000082900000, 0x0000000082900000|100%| O|  |TAMS 0x0000000082900000, 0x0000000082800000| Untracked 
|  41|0x0000000082900000, 0x0000000082a00000, 0x0000000082a00000|100%| O|  |TAMS 0x0000000082a00000, 0x0000000082900000| Untracked 
|  42|0x0000000082a00000, 0x0000000082b00000, 0x0000000082b00000|100%| O|  |TAMS 0x0000000082b00000, 0x0000000082a00000| Untracked 
|  43|0x0000000082b00000, 0x0000000082c00000, 0x0000000082c00000|100%| O|  |TAMS 0x0000000082c00000, 0x0000000082b00000| Complete 
|  44|0x0000000082c00000, 0x0000000082d00000, 0x0000000082d00000|100%| O|  |TAMS 0x0000000082d00000, 0x0000000082c00000| Complete 
|  45|0x0000000082d00000, 0x0000000082e00000, 0x0000000082e00000|100%| O|  |TAMS 0x0000000082e00000, 0x0000000082d00000| Untracked 
|  46|0x0000000082e00000, 0x0000000082f00000, 0x0000000082f00000|100%| O|  |TAMS 0x0000000082f00000, 0x0000000082e00000| Complete 
|  47|0x0000000082f00000, 0x0000000083000000, 0x0000000083000000|100%| O|  |TAMS 0x0000000083000000, 0x0000000082f00000| Complete 
|  48|0x0000000083000000, 0x0000000083100000, 0x0000000083100000|100%| O|  |TAMS 0x0000000083100000, 0x0000000083000000| Complete 
|  49|0x0000000083100000, 0x0000000083200000, 0x0000000083200000|100%| O|  |TAMS 0x0000000083200000, 0x0000000083100000| Complete 
|  50|0x0000000083200000, 0x0000000083300000, 0x0000000083300000|100%| O|  |TAMS 0x0000000083300000, 0x0000000083200000| Complete 
|  51|0x0000000083300000, 0x0000000083400000, 0x0000000083400000|100%| O|  |TAMS 0x0000000083400000, 0x0000000083300000| Complete 
|  52|0x0000000083400000, 0x0000000083500000, 0x0000000083500000|100%| O|  |TAMS 0x0000000083500000, 0x0000000083400000| Complete 
|  53|0x0000000083500000, 0x0000000083600000, 0x0000000083600000|100%|HS|  |TAMS 0x0000000083600000, 0x0000000083500000| Complete 
|  54|0x0000000083600000, 0x0000000083700000, 0x0000000083700000|100%|HC|  |TAMS 0x0000000083700000, 0x0000000083600000| Complete 
|  55|0x0000000083700000, 0x0000000083800000, 0x0000000083800000|100%| O|  |TAMS 0x0000000083800000, 0x0000000083700000| Untracked 
|  56|0x0000000083800000, 0x0000000083900000, 0x0000000083900000|100%| O|  |TAMS 0x0000000083900000, 0x0000000083800000| Complete 
|  57|0x0000000083900000, 0x0000000083a00000, 0x0000000083a00000|100%| O|  |TAMS 0x0000000083a00000, 0x0000000083900000| Untracked 
|  58|0x0000000083a00000, 0x0000000083b00000, 0x0000000083b00000|100%| O|  |TAMS 0x0000000083b00000, 0x0000000083a00000| Complete 
|  59|0x0000000083b00000, 0x0000000083c00000, 0x0000000083c00000|100%| O|  |TAMS 0x0000000083c00000, 0x0000000083b00000| Complete 
|  60|0x0000000083c00000, 0x0000000083d00000, 0x0000000083d00000|100%| O|  |TAMS 0x0000000083d00000, 0x0000000083c00000| Complete 
|  61|0x0000000083d00000, 0x0000000083e00000, 0x0000000083e00000|100%| O|  |TAMS 0x0000000083e00000, 0x0000000083d00000| Untracked 
|  62|0x0000000083e00000, 0x0000000083f00000, 0x0000000083f00000|100%| O|  |TAMS 0x0000000083f00000, 0x0000000083e00000| Complete 
|  63|0x0000000083f00000, 0x0000000084000000, 0x0000000084000000|100%| O|  |TAMS 0x0000000084000000, 0x0000000083f00000| Complete 
|  64|0x0000000084000000, 0x0000000084100000, 0x0000000084100000|100%| O|  |TAMS 0x0000000084100000, 0x0000000084000000| Complete 
|  65|0x0000000084100000, 0x0000000084200000, 0x0000000084200000|100%| O|  |TAMS 0x0000000084200000, 0x0000000084100000| Complete 
|  66|0x0000000084200000, 0x0000000084300000, 0x0000000084300000|100%| O|  |TAMS 0x0000000084300000, 0x0000000084200000| Complete 
|  67|0x0000000084300000, 0x0000000084400000, 0x0000000084400000|100%| O|  |TAMS 0x0000000084400000, 0x0000000084300000| Complete 
|  68|0x0000000084400000, 0x0000000084500000, 0x0000000084500000|100%|HS|  |TAMS 0x0000000084500000, 0x0000000084400000| Complete 
|  69|0x0000000084500000, 0x0000000084600000, 0x0000000084600000|100%|HC|  |TAMS 0x0000000084600000, 0x0000000084500000| Complete 
|  70|0x0000000084600000, 0x0000000084700000, 0x0000000084700000|100%|HC|  |TAMS 0x0000000084700000, 0x0000000084600000| Complete 
|  71|0x0000000084700000, 0x0000000084800000, 0x0000000084800000|100%| O|  |TAMS 0x0000000084800000, 0x0000000084700000| Complete 
|  72|0x0000000084800000, 0x0000000084900000, 0x0000000084900000|100%| O|  |TAMS 0x0000000084900000, 0x0000000084800000| Complete 
|  73|0x0000000084900000, 0x0000000084a00000, 0x0000000084a00000|100%|HS|  |TAMS 0x0000000084a00000, 0x0000000084900000| Complete 
|  74|0x0000000084a00000, 0x0000000084b00000, 0x0000000084b00000|100%|HC|  |TAMS 0x0000000084b00000, 0x0000000084a00000| Complete 
|  75|0x0000000084b00000, 0x0000000084c00000, 0x0000000084c00000|100%|HC|  |TAMS 0x0000000084c00000, 0x0000000084b00000| Complete 
|  76|0x0000000084c00000, 0x0000000084d00000, 0x0000000084d00000|100%| O|  |TAMS 0x0000000084d00000, 0x0000000084c00000| Complete 
|  77|0x0000000084d00000, 0x0000000084e00000, 0x0000000084e00000|100%| O|  |TAMS 0x0000000084e00000, 0x0000000084d00000| Complete 
|  78|0x0000000084e00000, 0x0000000084f00000, 0x0000000084f00000|100%| O|  |TAMS 0x0000000084f00000, 0x0000000084e00000| Complete 
|  79|0x0000000084f00000, 0x0000000085000000, 0x0000000085000000|100%| O|  |TAMS 0x0000000085000000, 0x0000000084f00000| Untracked 
|  80|0x0000000085000000, 0x0000000085100000, 0x0000000085100000|100%|HS|  |TAMS 0x0000000085100000, 0x0000000085000000| Complete 
|  81|0x0000000085100000, 0x0000000085200000, 0x0000000085200000|100%|HC|  |TAMS 0x0000000085200000, 0x0000000085100000| Complete 
|  82|0x0000000085200000, 0x0000000085300000, 0x0000000085300000|100%|HS|  |TAMS 0x0000000085300000, 0x0000000085200000| Complete 
|  83|0x0000000085300000, 0x0000000085400000, 0x0000000085400000|100%|HC|  |TAMS 0x0000000085400000, 0x0000000085300000| Complete 
|  84|0x0000000085400000, 0x0000000085500000, 0x0000000085500000|100%|HC|  |TAMS 0x0000000085500000, 0x0000000085400000| Complete 
|  85|0x0000000085500000, 0x0000000085600000, 0x0000000085600000|100%|HS|  |TAMS 0x0000000085600000, 0x0000000085500000| Complete 
|  86|0x0000000085600000, 0x0000000085700000, 0x0000000085700000|100%|HC|  |TAMS 0x0000000085700000, 0x0000000085600000| Complete 
|  87|0x0000000085700000, 0x0000000085800000, 0x0000000085800000|100%|HC|  |TAMS 0x0000000085800000, 0x0000000085700000| Complete 
|  88|0x0000000085800000, 0x0000000085900000, 0x0000000085900000|100%|HS|  |TAMS 0x0000000085900000, 0x0000000085800000| Complete 
|  89|0x0000000085900000, 0x0000000085a00000, 0x0000000085a00000|100%|HC|  |TAMS 0x0000000085a00000, 0x0000000085900000| Complete 
|  90|0x0000000085a00000, 0x0000000085b00000, 0x0000000085b00000|100%|HS|  |TAMS 0x0000000085b00000, 0x0000000085a00000| Complete 
|  91|0x0000000085b00000, 0x0000000085c00000, 0x0000000085c00000|100%|HC|  |TAMS 0x0000000085c00000, 0x0000000085b00000| Complete 
|  92|0x0000000085c00000, 0x0000000085d00000, 0x0000000085d00000|100%|HC|  |TAMS 0x0000000085d00000, 0x0000000085c00000| Complete 
|  93|0x0000000085d00000, 0x0000000085e00000, 0x0000000085e00000|100%|HC|  |TAMS 0x0000000085e00000, 0x0000000085d00000| Complete 
|  94|0x0000000085e00000, 0x0000000085f00000, 0x0000000085f00000|100%|HC|  |TAMS 0x0000000085f00000, 0x0000000085e00000| Complete 
|  95|0x0000000085f00000, 0x0000000086000000, 0x0000000086000000|100%| O|  |TAMS 0x0000000086000000, 0x0000000085f00000| Untracked 
|  96|0x0000000086000000, 0x0000000086100000, 0x0000000086100000|100%| O|  |TAMS 0x0000000086100000, 0x0000000086000000| Complete 
|  97|0x0000000086100000, 0x0000000086200000, 0x0000000086200000|100%| O|  |TAMS 0x0000000086200000, 0x0000000086100000| Untracked 
|  98|0x0000000086200000, 0x0000000086300000, 0x0000000086300000|100%| O|  |TAMS 0x0000000086300000, 0x0000000086200000| Complete 
|  99|0x0000000086300000, 0x0000000086400000, 0x0000000086400000|100%| O|  |TAMS 0x0000000086400000, 0x0000000086300000| Untracked 
| 100|0x0000000086400000, 0x0000000086500000, 0x0000000086500000|100%| O|  |TAMS 0x0000000086500000, 0x0000000086400000| Complete 
| 101|0x0000000086500000, 0x0000000086600000, 0x0000000086600000|100%| O|  |TAMS 0x0000000086600000, 0x0000000086500000| Complete 
| 102|0x0000000086600000, 0x0000000086700000, 0x0000000086700000|100%| O|  |TAMS 0x0000000086700000, 0x0000000086600000| Complete 
| 103|0x0000000086700000, 0x0000000086800000, 0x0000000086800000|100%| O|  |TAMS 0x0000000086800000, 0x0000000086700000| Complete 
| 104|0x0000000086800000, 0x0000000086900000, 0x0000000086900000|100%| O|  |TAMS 0x0000000086900000, 0x0000000086800000| Complete 
| 105|0x0000000086900000, 0x0000000086a00000, 0x0000000086a00000|100%| O|  |TAMS 0x0000000086a00000, 0x0000000086900000| Untracked 
| 106|0x0000000086a00000, 0x0000000086b00000, 0x0000000086b00000|100%| O|  |TAMS 0x0000000086b00000, 0x0000000086a00000| Complete 
| 107|0x0000000086b00000, 0x0000000086c00000, 0x0000000086c00000|100%| O|  |TAMS 0x0000000086c00000, 0x0000000086b00000| Complete 
| 108|0x0000000086c00000, 0x0000000086d00000, 0x0000000086d00000|100%| O|  |TAMS 0x0000000086d00000, 0x0000000086c00000| Complete 
| 109|0x0000000086d00000, 0x0000000086e00000, 0x0000000086e00000|100%| O|  |TAMS 0x0000000086e00000, 0x0000000086d00000| Untracked 
| 110|0x0000000086e00000, 0x0000000086f00000, 0x0000000086f00000|100%| O|  |TAMS 0x0000000086f00000, 0x0000000086e00000| Complete 
| 111|0x0000000086f00000, 0x0000000087000000, 0x0000000087000000|100%|HS|  |TAMS 0x0000000087000000, 0x0000000086f00000| Complete 
| 112|0x0000000087000000, 0x0000000087100000, 0x0000000087100000|100%|HC|  |TAMS 0x0000000087100000, 0x0000000087000000| Complete 
| 113|0x0000000087100000, 0x0000000087200000, 0x0000000087200000|100%|HC|  |TAMS 0x0000000087200000, 0x0000000087100000| Complete 
| 114|0x0000000087200000, 0x0000000087300000, 0x0000000087300000|100%|HC|  |TAMS 0x0000000087300000, 0x0000000087200000| Complete 
| 115|0x0000000087300000, 0x0000000087400000, 0x0000000087400000|100%|HC|  |TAMS 0x0000000087400000, 0x0000000087300000| Complete 
| 116|0x0000000087400000, 0x0000000087500000, 0x0000000087500000|100%|HC|  |TAMS 0x0000000087500000, 0x0000000087400000| Complete 
| 117|0x0000000087500000, 0x0000000087600000, 0x0000000087600000|100%|HC|  |TAMS 0x0000000087600000, 0x0000000087500000| Complete 
| 118|0x0000000087600000, 0x0000000087700000, 0x0000000087700000|100%|HC|  |TAMS 0x0000000087700000, 0x0000000087600000| Complete 
| 119|0x0000000087700000, 0x0000000087800000, 0x0000000087800000|100%|HC|  |TAMS 0x0000000087800000, 0x0000000087700000| Complete 
| 120|0x0000000087800000, 0x0000000087900000, 0x0000000087900000|100%|HC|  |TAMS 0x0000000087900000, 0x0000000087800000| Complete 
| 121|0x0000000087900000, 0x0000000087a00000, 0x0000000087a00000|100%|HS|  |TAMS 0x0000000087a00000, 0x0000000087900000| Complete 
| 122|0x0000000087a00000, 0x0000000087b00000, 0x0000000087b00000|100%|HC|  |TAMS 0x0000000087b00000, 0x0000000087a00000| Complete 
| 123|0x0000000087b00000, 0x0000000087c00000, 0x0000000087c00000|100%|HS|  |TAMS 0x0000000087c00000, 0x0000000087b00000| Complete 
| 124|0x0000000087c00000, 0x0000000087d00000, 0x0000000087d00000|100%|HC|  |TAMS 0x0000000087d00000, 0x0000000087c00000| Complete 
| 125|0x0000000087d00000, 0x0000000087e00000, 0x0000000087e00000|100%|HC|  |TAMS 0x0000000087e00000, 0x0000000087d00000| Complete 
| 126|0x0000000087e00000, 0x0000000087f00000, 0x0000000087f00000|100%|HS|  |TAMS 0x0000000087f00000, 0x0000000087e00000| Complete 
| 127|0x0000000087f00000, 0x0000000088000000, 0x0000000088000000|100%|HC|  |TAMS 0x0000000088000000, 0x0000000087f00000| Complete 
| 128|0x0000000088000000, 0x0000000088100000, 0x0000000088100000|100%|HC|  |TAMS 0x0000000088100000, 0x0000000088000000| Complete 
| 129|0x0000000088100000, 0x0000000088200000, 0x0000000088200000|100%|HS|  |TAMS 0x0000000088200000, 0x0000000088100000| Complete 
| 130|0x0000000088200000, 0x0000000088300000, 0x0000000088300000|100%|HC|  |TAMS 0x0000000088300000, 0x0000000088200000| Complete 
| 131|0x0000000088300000, 0x0000000088400000, 0x0000000088400000|100%|HS|  |TAMS 0x0000000088400000, 0x0000000088300000| Complete 
| 132|0x0000000088400000, 0x0000000088500000, 0x0000000088500000|100%|HC|  |TAMS 0x0000000088500000, 0x0000000088400000| Complete 
| 133|0x0000000088500000, 0x0000000088600000, 0x0000000088600000|100%|HC|  |TAMS 0x0000000088600000, 0x0000000088500000| Complete 
| 134|0x0000000088600000, 0x0000000088700000, 0x0000000088700000|100%|HC|  |TAMS 0x0000000088700000, 0x0000000088600000| Complete 
| 135|0x0000000088700000, 0x0000000088800000, 0x0000000088800000|100%|HC|  |TAMS 0x0000000088800000, 0x0000000088700000| Complete 
| 136|0x0000000088800000, 0x0000000088900000, 0x0000000088900000|100%|HC|  |TAMS 0x0000000088900000, 0x0000000088800000| Complete 
| 137|0x0000000088900000, 0x0000000088a00000, 0x0000000088a00000|100%|HC|  |TAMS 0x0000000088a00000, 0x0000000088900000| Complete 
| 138|0x0000000088a00000, 0x0000000088b00000, 0x0000000088b00000|100%|HC|  |TAMS 0x0000000088b00000, 0x0000000088a00000| Complete 
| 139|0x0000000088b00000, 0x0000000088c00000, 0x0000000088c00000|100%|HC|  |TAMS 0x0000000088c00000, 0x0000000088b00000| Complete 
| 140|0x0000000088c00000, 0x0000000088d00000, 0x0000000088d00000|100%|HC|  |TAMS 0x0000000088d00000, 0x0000000088c00000| Complete 
| 141|0x0000000088d00000, 0x0000000088e00000, 0x0000000088e00000|100%|HS|  |TAMS 0x0000000088e00000, 0x0000000088d00000| Complete 
| 142|0x0000000088e00000, 0x0000000088f00000, 0x0000000088f00000|100%|HC|  |TAMS 0x0000000088f00000, 0x0000000088e00000| Complete 
| 143|0x0000000088f00000, 0x0000000089000000, 0x0000000089000000|100%| O|  |TAMS 0x0000000089000000, 0x0000000088f00000| Untracked 
| 144|0x0000000089000000, 0x0000000089100000, 0x0000000089100000|100%| O|  |TAMS 0x0000000089100000, 0x0000000089000000| Untracked 
| 145|0x0000000089100000, 0x0000000089200000, 0x0000000089200000|100%| O|  |TAMS 0x0000000089200000, 0x0000000089100000| Untracked 
| 146|0x0000000089200000, 0x0000000089300000, 0x0000000089300000|100%| O|  |TAMS 0x0000000089300000, 0x0000000089200000| Complete 
| 147|0x0000000089300000, 0x0000000089400000, 0x0000000089400000|100%| O|  |TAMS 0x0000000089400000, 0x0000000089300000| Untracked 
| 148|0x0000000089400000, 0x0000000089500000, 0x0000000089500000|100%| O|  |TAMS 0x0000000089500000, 0x0000000089400000| Complete 
| 149|0x0000000089500000, 0x0000000089600000, 0x0000000089600000|100%|HS|  |TAMS 0x0000000089600000, 0x0000000089500000| Complete 
| 150|0x0000000089600000, 0x0000000089700000, 0x0000000089700000|100%|HC|  |TAMS 0x0000000089700000, 0x0000000089600000| Complete 
| 151|0x0000000089700000, 0x0000000089800000, 0x0000000089800000|100%|HC|  |TAMS 0x0000000089800000, 0x0000000089700000| Complete 
| 152|0x0000000089800000, 0x0000000089900000, 0x0000000089900000|100%|HC|  |TAMS 0x0000000089900000, 0x0000000089800000| Complete 
| 153|0x0000000089900000, 0x0000000089a00000, 0x0000000089a00000|100%|HC|  |TAMS 0x0000000089a00000, 0x0000000089900000| Complete 
| 154|0x0000000089a00000, 0x0000000089b00000, 0x0000000089b00000|100%| O|  |TAMS 0x0000000089b00000, 0x0000000089a00000| Untracked 
| 155|0x0000000089b00000, 0x0000000089c00000, 0x0000000089c00000|100%| O|  |TAMS 0x0000000089c00000, 0x0000000089b00000| Untracked 
| 156|0x0000000089c00000, 0x0000000089d00000, 0x0000000089d00000|100%| O|  |TAMS 0x0000000089d00000, 0x0000000089c00000| Untracked 
| 157|0x0000000089d00000, 0x0000000089e00000, 0x0000000089e00000|100%| O|  |TAMS 0x0000000089e00000, 0x0000000089d00000| Untracked 
| 158|0x0000000089e00000, 0x0000000089f00000, 0x0000000089f00000|100%| O|  |TAMS 0x0000000089f00000, 0x0000000089e00000| Untracked 
| 159|0x0000000089f00000, 0x000000008a000000, 0x000000008a000000|100%| O|  |TAMS 0x000000008a000000, 0x0000000089f00000| Untracked 
| 160|0x000000008a000000, 0x000000008a100000, 0x000000008a100000|100%| O|  |TAMS 0x000000008a100000, 0x000000008a000000| Untracked 
| 161|0x000000008a100000, 0x000000008a200000, 0x000000008a200000|100%| O|  |TAMS 0x000000008a200000, 0x000000008a100000| Untracked 
| 162|0x000000008a200000, 0x000000008a300000, 0x000000008a300000|100%| O|  |TAMS 0x000000008a300000, 0x000000008a200000| Untracked 
| 163|0x000000008a300000, 0x000000008a400000, 0x000000008a400000|100%| O|  |TAMS 0x000000008a400000, 0x000000008a300000| Untracked 
| 164|0x000000008a400000, 0x000000008a500000, 0x000000008a500000|100%| O|  |TAMS 0x000000008a500000, 0x000000008a400000| Untracked 
| 165|0x000000008a500000, 0x000000008a600000, 0x000000008a600000|100%| O|  |TAMS 0x000000008a600000, 0x000000008a500000| Untracked 
| 166|0x000000008a600000, 0x000000008a700000, 0x000000008a700000|100%| O|  |TAMS 0x000000008a700000, 0x000000008a600000| Untracked 
| 167|0x000000008a700000, 0x000000008a800000, 0x000000008a800000|100%| O|  |TAMS 0x000000008a800000, 0x000000008a700000| Untracked 
| 168|0x000000008a800000, 0x000000008a900000, 0x000000008a900000|100%| O|  |TAMS 0x000000008a900000, 0x000000008a800000| Untracked 
| 169|0x000000008a900000, 0x000000008aa00000, 0x000000008aa00000|100%|HS|  |TAMS 0x000000008aa00000, 0x000000008a900000| Complete 
| 170|0x000000008aa00000, 0x000000008ab00000, 0x000000008ab00000|100%|HC|  |TAMS 0x000000008ab00000, 0x000000008aa00000| Complete 
| 171|0x000000008ab00000, 0x000000008ac00000, 0x000000008ac00000|100%|HS|  |TAMS 0x000000008ac00000, 0x000000008ab00000| Complete 
| 172|0x000000008ac00000, 0x000000008ad00000, 0x000000008ad00000|100%|HC|  |TAMS 0x000000008ad00000, 0x000000008ac00000| Complete 
| 173|0x000000008ad00000, 0x000000008ae00000, 0x000000008ae00000|100%|HC|  |TAMS 0x000000008ae00000, 0x000000008ad00000| Complete 
| 174|0x000000008ae00000, 0x000000008af00000, 0x000000008af00000|100%|HC|  |TAMS 0x000000008af00000, 0x000000008ae00000| Complete 
| 175|0x000000008af00000, 0x000000008b000000, 0x000000008b000000|100%|HC|  |TAMS 0x000000008b000000, 0x000000008af00000| Complete 
| 176|0x000000008b000000, 0x000000008b100000, 0x000000008b100000|100%|HS|  |TAMS 0x000000008b100000, 0x000000008b000000| Complete 
| 177|0x000000008b100000, 0x000000008b200000, 0x000000008b200000|100%|HC|  |TAMS 0x000000008b200000, 0x000000008b100000| Complete 
| 178|0x000000008b200000, 0x000000008b300000, 0x000000008b300000|100%|HC|  |TAMS 0x000000008b300000, 0x000000008b200000| Complete 
| 179|0x000000008b300000, 0x000000008b400000, 0x000000008b400000|100%|HC|  |TAMS 0x000000008b400000, 0x000000008b300000| Complete 
| 180|0x000000008b400000, 0x000000008b500000, 0x000000008b500000|100%|HC|  |TAMS 0x000000008b500000, 0x000000008b400000| Complete 
| 181|0x000000008b500000, 0x000000008b600000, 0x000000008b600000|100%|HC|  |TAMS 0x000000008b600000, 0x000000008b500000| Complete 
| 182|0x000000008b600000, 0x000000008b700000, 0x000000008b700000|100%|HC|  |TAMS 0x000000008b700000, 0x000000008b600000| Complete 
| 183|0x000000008b700000, 0x000000008b800000, 0x000000008b800000|100%|HC|  |TAMS 0x000000008b800000, 0x000000008b700000| Complete 
| 184|0x000000008b800000, 0x000000008b900000, 0x000000008b900000|100%|HC|  |TAMS 0x000000008b900000, 0x000000008b800000| Complete 
| 185|0x000000008b900000, 0x000000008ba00000, 0x000000008ba00000|100%|HC|  |TAMS 0x000000008ba00000, 0x000000008b900000| Complete 
| 186|0x000000008ba00000, 0x000000008bb00000, 0x000000008bb00000|100%|HS|  |TAMS 0x000000008bb00000, 0x000000008ba00000| Complete 
| 187|0x000000008bb00000, 0x000000008bc00000, 0x000000008bc00000|100%|HC|  |TAMS 0x000000008bc00000, 0x000000008bb00000| Complete 
| 188|0x000000008bc00000, 0x000000008bd00000, 0x000000008bd00000|100%| O|  |TAMS 0x000000008bd00000, 0x000000008bc00000| Untracked 
| 189|0x000000008bd00000, 0x000000008be00000, 0x000000008be00000|100%| O|  |TAMS 0x000000008be00000, 0x000000008bd00000| Untracked 
| 190|0x000000008be00000, 0x000000008bf00000, 0x000000008bf00000|100%| O|  |TAMS 0x000000008bf00000, 0x000000008be00000| Untracked 
| 191|0x000000008bf00000, 0x000000008c000000, 0x000000008c000000|100%| O|  |TAMS 0x000000008c000000, 0x000000008bf00000| Untracked 
| 192|0x000000008c000000, 0x000000008c100000, 0x000000008c100000|100%| O|  |TAMS 0x000000008c100000, 0x000000008c000000| Untracked 
| 193|0x000000008c100000, 0x000000008c200000, 0x000000008c200000|100%| O|  |TAMS 0x000000008c200000, 0x000000008c100000| Untracked 
| 194|0x000000008c200000, 0x000000008c300000, 0x000000008c300000|100%| O|  |TAMS 0x000000008c300000, 0x000000008c200000| Untracked 
| 195|0x000000008c300000, 0x000000008c400000, 0x000000008c400000|100%| O|  |TAMS 0x000000008c400000, 0x000000008c300000| Complete 
| 196|0x000000008c400000, 0x000000008c500000, 0x000000008c500000|100%| O|  |TAMS 0x000000008c500000, 0x000000008c400000| Complete 
| 197|0x000000008c500000, 0x000000008c600000, 0x000000008c600000|100%| O|  |TAMS 0x000000008c600000, 0x000000008c500000| Untracked 
| 198|0x000000008c600000, 0x000000008c700000, 0x000000008c700000|100%| O|  |TAMS 0x000000008c700000, 0x000000008c600000| Untracked 
| 199|0x000000008c700000, 0x000000008c800000, 0x000000008c800000|100%| O|  |TAMS 0x000000008c800000, 0x000000008c700000| Untracked 
| 200|0x000000008c800000, 0x000000008c900000, 0x000000008c900000|100%| O|  |TAMS 0x000000008c900000, 0x000000008c800000| Complete 
| 201|0x000000008c900000, 0x000000008ca00000, 0x000000008ca00000|100%| O|  |TAMS 0x000000008ca00000, 0x000000008c900000| Untracked 
| 202|0x000000008ca00000, 0x000000008cb00000, 0x000000008cb00000|100%| O|  |TAMS 0x000000008cb00000, 0x000000008ca00000| Untracked 
| 203|0x000000008cb00000, 0x000000008cb40c00, 0x000000008cc00000| 25%| O|  |TAMS 0x000000008cb40c00, 0x000000008cb00000| Untracked 
| 204|0x000000008cc00000, 0x000000008cc00000, 0x000000008cd00000|  0%| F|  |TAMS 0x000000008cc00000, 0x000000008cc00000| Untracked 
| 205|0x000000008cd00000, 0x000000008cd00000, 0x000000008ce00000|  0%| F|  |TAMS 0x000000008cd00000, 0x000000008cd00000| Untracked 
| 206|0x000000008ce00000, 0x000000008ce00000, 0x000000008cf00000|  0%| F|  |TAMS 0x000000008ce00000, 0x000000008ce00000| Untracked 
| 207|0x000000008cf00000, 0x000000008cf00000, 0x000000008d000000|  0%| F|  |TAMS 0x000000008cf00000, 0x000000008cf00000| Untracked 
| 208|0x000000008d000000, 0x000000008d000000, 0x000000008d100000|  0%| F|  |TAMS 0x000000008d000000, 0x000000008d000000| Untracked 
| 209|0x000000008d100000, 0x000000008d100000, 0x000000008d200000|  0%| F|  |TAMS 0x000000008d100000, 0x000000008d100000| Untracked 
| 210|0x000000008d200000, 0x000000008d200000, 0x000000008d300000|  0%| F|  |TAMS 0x000000008d200000, 0x000000008d200000| Untracked 
| 211|0x000000008d300000, 0x000000008d300000, 0x000000008d400000|  0%| F|  |TAMS 0x000000008d300000, 0x000000008d300000| Untracked 
| 212|0x000000008d400000, 0x000000008d400000, 0x000000008d500000|  0%| F|  |TAMS 0x000000008d400000, 0x000000008d400000| Untracked 
| 213|0x000000008d500000, 0x000000008d500000, 0x000000008d600000|  0%| F|  |TAMS 0x000000008d500000, 0x000000008d500000| Untracked 
| 214|0x000000008d600000, 0x000000008d600000, 0x000000008d700000|  0%| F|  |TAMS 0x000000008d600000, 0x000000008d600000| Untracked 
| 215|0x000000008d700000, 0x000000008d700000, 0x000000008d800000|  0%| F|  |TAMS 0x000000008d700000, 0x000000008d700000| Untracked 
| 216|0x000000008d800000, 0x000000008d800000, 0x000000008d900000|  0%| F|  |TAMS 0x000000008d800000, 0x000000008d800000| Untracked 
| 217|0x000000008d900000, 0x000000008d900000, 0x000000008da00000|  0%| F|  |TAMS 0x000000008d900000, 0x000000008d900000| Untracked 
| 218|0x000000008da00000, 0x000000008da00000, 0x000000008db00000|  0%| F|  |TAMS 0x000000008da00000, 0x000000008da00000| Untracked 
| 219|0x000000008db00000, 0x000000008db00000, 0x000000008dc00000|  0%| F|  |TAMS 0x000000008db00000, 0x000000008db00000| Untracked 
| 220|0x000000008dc00000, 0x000000008dc00000, 0x000000008dd00000|  0%| F|  |TAMS 0x000000008dc00000, 0x000000008dc00000| Untracked 
| 221|0x000000008dd00000, 0x000000008dd00000, 0x000000008de00000|  0%| F|  |TAMS 0x000000008dd00000, 0x000000008dd00000| Untracked 
| 222|0x000000008de00000, 0x000000008de00000, 0x000000008df00000|  0%| F|  |TAMS 0x000000008de00000, 0x000000008de00000| Untracked 
| 223|0x000000008df00000, 0x000000008df00000, 0x000000008e000000|  0%| F|  |TAMS 0x000000008df00000, 0x000000008df00000| Untracked 
| 224|0x000000008e000000, 0x000000008e000000, 0x000000008e100000|  0%| F|  |TAMS 0x000000008e000000, 0x000000008e000000| Untracked 
| 225|0x000000008e100000, 0x000000008e100000, 0x000000008e200000|  0%| F|  |TAMS 0x000000008e100000, 0x000000008e100000| Untracked 
| 226|0x000000008e200000, 0x000000008e200000, 0x000000008e300000|  0%| F|  |TAMS 0x000000008e200000, 0x000000008e200000| Untracked 
| 227|0x000000008e300000, 0x000000008e300000, 0x000000008e400000|  0%| F|  |TAMS 0x000000008e300000, 0x000000008e300000| Untracked 
| 228|0x000000008e400000, 0x000000008e400000, 0x000000008e500000|  0%| F|  |TAMS 0x000000008e400000, 0x000000008e400000| Untracked 
| 229|0x000000008e500000, 0x000000008e500000, 0x000000008e600000|  0%| F|  |TAMS 0x000000008e500000, 0x000000008e500000| Untracked 
| 230|0x000000008e600000, 0x000000008e600000, 0x000000008e700000|  0%| F|  |TAMS 0x000000008e600000, 0x000000008e600000| Untracked 
| 231|0x000000008e700000, 0x000000008e700000, 0x000000008e800000|  0%| F|  |TAMS 0x000000008e700000, 0x000000008e700000| Untracked 
| 232|0x000000008e800000, 0x000000008e8e2488, 0x000000008e900000| 88%| S|CS|TAMS 0x000000008e800000, 0x000000008e800000| Complete 
| 233|0x000000008e900000, 0x000000008e900000, 0x000000008ea00000|  0%| F|  |TAMS 0x000000008e900000, 0x000000008e900000| Untracked 
| 234|0x000000008ea00000, 0x000000008ea00000, 0x000000008eb00000|  0%| F|  |TAMS 0x000000008ea00000, 0x000000008ea00000| Untracked 
| 235|0x000000008eb00000, 0x000000008eb00000, 0x000000008ec00000|  0%| F|  |TAMS 0x000000008eb00000, 0x000000008eb00000| Untracked 
| 236|0x000000008ec00000, 0x000000008ec00000, 0x000000008ed00000|  0%| F|  |TAMS 0x000000008ec00000, 0x000000008ec00000| Untracked 
| 237|0x000000008ed00000, 0x000000008ed00000, 0x000000008ee00000|  0%| F|  |TAMS 0x000000008ed00000, 0x000000008ed00000| Untracked 
| 238|0x000000008ee00000, 0x000000008ee00000, 0x000000008ef00000|  0%| F|  |TAMS 0x000000008ee00000, 0x000000008ee00000| Untracked 
| 239|0x000000008ef00000, 0x000000008efd6f00, 0x000000008f000000| 83%| E|  |TAMS 0x000000008ef00000, 0x000000008ef00000| Complete 
| 240|0x000000008f000000, 0x000000008f100000, 0x000000008f100000|100%| E|CS|TAMS 0x000000008f000000, 0x000000008f000000| Complete 
| 241|0x000000008f100000, 0x000000008f200000, 0x000000008f200000|100%| E|CS|TAMS 0x000000008f100000, 0x000000008f100000| Complete 
| 242|0x000000008f200000, 0x000000008f300000, 0x000000008f300000|100%| E|CS|TAMS 0x000000008f200000, 0x000000008f200000| Complete 
| 243|0x000000008f300000, 0x000000008f400000, 0x000000008f400000|100%| E|CS|TAMS 0x000000008f300000, 0x000000008f300000| Complete 
| 244|0x000000008f400000, 0x000000008f500000, 0x000000008f500000|100%| E|CS|TAMS 0x000000008f400000, 0x000000008f400000| Complete 
| 245|0x000000008f500000, 0x000000008f600000, 0x000000008f600000|100%| E|CS|TAMS 0x000000008f500000, 0x000000008f500000| Complete 
| 246|0x000000008f600000, 0x000000008f700000, 0x000000008f700000|100%| E|CS|TAMS 0x000000008f600000, 0x000000008f600000| Complete 
| 247|0x000000008f700000, 0x000000008f800000, 0x000000008f800000|100%| E|CS|TAMS 0x000000008f700000, 0x000000008f700000| Complete 
| 248|0x000000008f800000, 0x000000008f900000, 0x000000008f900000|100%| E|CS|TAMS 0x000000008f800000, 0x000000008f800000| Complete 
| 249|0x000000008f900000, 0x000000008fa00000, 0x000000008fa00000|100%| E|CS|TAMS 0x000000008f900000, 0x000000008f900000| Complete 
| 250|0x000000008fa00000, 0x000000008fb00000, 0x000000008fb00000|100%| E|CS|TAMS 0x000000008fa00000, 0x000000008fa00000| Complete 
| 251|0x000000008fb00000, 0x000000008fc00000, 0x000000008fc00000|100%| E|CS|TAMS 0x000000008fb00000, 0x000000008fb00000| Complete 

Card table byte_map: [0x000001f130560000,0x000001f130960000] _byte_map_base: 0x000001f130160000

Marking Bits (Prev, Next): (CMBitMap*) 0x000001f11d355ee8, (CMBitMap*) 0x000001f11d355f20
 Prev Bits: [0x000001f130d60000, 0x000001f132d60000)
 Next Bits: [0x000001f132d60000, 0x000001f134d60000)

Polling page: 0x000001f11b260000

Metaspace:

Usage:
  Non-class:    112.46 MB capacity,   110.30 MB ( 98%) used,     1.78 MB (  2%) free+waste,   393.31 KB ( <1%) overhead. 
      Class:     16.90 MB capacity,    15.64 MB ( 93%) used,     1.09 MB (  6%) free+waste,   171.25 KB ( <1%) overhead. 
       Both:    129.36 MB capacity,   125.94 MB ( 97%) used,     2.87 MB (  2%) free+waste,   564.56 KB ( <1%) overhead. 

Virtual space:
  Non-class space:      114.00 MB reserved,     112.66 MB ( 99%) committed 
      Class space:        1.00 GB reserved,      17.00 MB (  2%) committed 
             Both:        1.11 GB reserved,     129.66 MB ( 11%) committed 

Chunk freelists:
   Non-Class:  9.00 KB
       Class:  11.00 KB
        Both:  20.00 KB

MaxMetaspaceSize: 17179869184.00 GB
CompressedClassSpaceSize: 1.00 GB
Initial GC threshold: 20.80 MB
Current GC threshold: 215.06 MB
CDS: off

CodeHeap 'non-profiled nmethods': size=120000Kb used=13908Kb max_used=13908Kb free=106091Kb
 bounds [0x000001f128900000, 0x000001f1296a0000, 0x000001f12fe30000]
CodeHeap 'profiled nmethods': size=120000Kb used=40297Kb max_used=40297Kb free=79702Kb
 bounds [0x000001f1213d0000, 0x000001f123b30000, 0x000001f128900000]
CodeHeap 'non-nmethods': size=5760Kb used=2482Kb max_used=2566Kb free=3277Kb
 bounds [0x000001f120e30000, 0x000001f1210c0000, 0x000001f1213d0000]
 total_blobs=19129 nmethods=18108 adapters=931
 compilation: enabled
              stopped_count=0, restarted_count=0
 full_count=0

Compilation events (20 events):
Event: 2061.648 Thread 0x000001f13bc89000 19210       4       com.google.common.collect.Interners$InternerImpl::intern (50 bytes)
Event: 2061.664 Thread 0x000001f1380ae800 19212   !   3       org.gradle.internal.operations.DefaultBuildOperationExecutor::executeInParallel (168 bytes)
Event: 2061.669 Thread 0x000001f1380ae800 nmethod 19212 0x000001f123b1f510 code [0x000001f123b1f9c0, 0x000001f123b21f38]
Event: 2061.671 Thread 0x000001f1380ae800 19213       3       org.gradle.api.internal.artifacts.transform.AttributeMatchingVariantSelector::tryDisambiguate (258 bytes)
Event: 2061.673 Thread 0x000001f13bc89000 nmethod 19210 0x000001f129681b10 code [0x000001f129681d20, 0x000001f1296823b8]
Event: 2061.673 Thread 0x000001f13bc89000 19216       4       org.gradle.api.internal.artifacts.transform.TransformingAsyncArtifactListener$TransformedArtifact::lambda$visit$1 (65 bytes)
Event: 2061.678 Thread 0x000001f1380ae800 nmethod 19213 0x000001f123b22e10 code [0x000001f123b233e0, 0x000001f123b26b58]
Event: 2061.678 Thread 0x000001f1380ae800 19214       3       org.gradle.api.internal.artifacts.transform.AttributeMatchingVariantSelector::disambiguateWithSchema (154 bytes)
Event: 2061.679 Thread 0x000001f13bc85000 nmethod 19203 0x000001f129682a10 code [0x000001f129682d60, 0x000001f129683ca8]
Event: 2061.682 Thread 0x000001f13bc85000 19217       4       org.gradle.api.internal.artifacts.transform.TransformingAsyncArtifactListener$TransformedArtifact$$Lambda$1030/0x0000000100c43440::accept (16 bytes)
Event: 2061.684 Thread 0x000001f1380ae800 nmethod 19214 0x000001f123b27b90 code [0x000001f123b280e0, 0x000001f123b2ae08]
Event: 2061.684 Thread 0x000001f1380ae800 19215       3       org.gradle.api.internal.artifacts.transform.AttributeMatchingVariantSelector$$Lambda$1113/0x0000000100d17c40::get$Lambda (9 bytes)
Event: 2061.684 Thread 0x000001f1380ae800 nmethod 19215 0x000001f123b2ba10 code [0x000001f123b2bbe0, 0x000001f123b2be38]
Event: 2061.684 Thread 0x000001f1380ae800 19218       1       com.android.build.gradle.internal.dsl.ApplicationExtensionImpl$AgpDecorated::get_compileSdkVersion (5 bytes)
Event: 2061.684 Thread 0x000001f1380ae800 nmethod 19218 0x000001f129684790 code [0x000001f129684940, 0x000001f1296849f8]
Event: 2061.780 Thread 0x000001f1380ae800 19219       3       org.jetbrains.kotlin.cli.common.arguments.Freezable$FreezableVar::<init> (15 bytes)
Event: 2061.780 Thread 0x000001f1380ae800 nmethod 19219 0x000001f123b2bf10 code [0x000001f123b2c0c0, 0x000001f123b2c2d8]
Event: 2061.902 Thread 0x000001f1380a2000 nmethod 19073 0x000001f129684a90 code [0x000001f129685400, 0x000001f12968e2d8]
Event: 2061.903 Thread 0x000001f1380a2000 19220       4       java.util.WeakHashMap::put (162 bytes)
Event: 2061.943 Thread 0x000001f1380a2000 nmethod 19220 0x000001f129694310 code [0x000001f1296944e0, 0x000001f129694fb8]

GC Heap History (20 events):
Event: 2053.215 GC heap before
{Heap before GC invocations=36 (full 0):
 garbage-first heap   total 258048K, used 224132K [0x0000000080000000, 0x0000000100000000)
  region size 1024K, 27 young (27648K), 2 survivors (2048K)
 Metaspace       used 115556K, capacity 118741K, committed 119076K, reserved 1153024K
  class space    used 14436K, capacity 15632K, committed 15744K, reserved 1048576K
}
Event: 2053.222 GC heap after
{Heap after GC invocations=37 (full 0):
 garbage-first heap   total 258048K, used 199516K [0x0000000080000000, 0x0000000100000000)
  region size 1024K, 3 young (3072K), 3 survivors (3072K)
 Metaspace       used 115556K, capacity 118741K, committed 119076K, reserved 1153024K
  class space    used 14436K, capacity 15632K, committed 15744K, reserved 1048576K
}
Event: 2053.331 GC heap before
{Heap before GC invocations=37 (full 0):
 garbage-first heap   total 258048K, used 208732K [0x0000000080000000, 0x0000000100000000)
  region size 1024K, 12 young (12288K), 3 survivors (3072K)
 Metaspace       used 116579K, capacity 119797K, committed 120100K, reserved 1153024K
  class space    used 14464K, capacity 15664K, committed 15744K, reserved 1048576K
}
Event: 2053.342 GC heap after
{Heap after GC invocations=38 (full 0):
 garbage-first heap   total 258048K, used 198519K [0x0000000080000000, 0x0000000100000000)
  region size 1024K, 2 young (2048K), 2 survivors (2048K)
 Metaspace       used 116579K, capacity 119797K, committed 120100K, reserved 1153024K
  class space    used 14464K, capacity 15664K, committed 15744K, reserved 1048576K
}
Event: 2053.499 GC heap before
{Heap before GC invocations=38 (full 0):
 garbage-first heap   total 258048K, used 224119K [0x0000000080000000, 0x0000000100000000)
  region size 1024K, 27 young (27648K), 2 survivors (2048K)
 Metaspace       used 117833K, capacity 121109K, committed 121252K, reserved 1155072K
  class space    used 14628K, capacity 15824K, committed 15872K, reserved 1048576K
}
Event: 2053.507 GC heap after
{Heap after GC invocations=39 (full 0):
 garbage-first heap   total 258048K, used 198713K [0x0000000080000000, 0x0000000100000000)
  region size 1024K, 2 young (2048K), 2 survivors (2048K)
 Metaspace       used 117833K, capacity 121109K, committed 121252K, reserved 1155072K
  class space    used 14628K, capacity 15824K, committed 15872K, reserved 1048576K
}
Event: 2054.571 GC heap before
{Heap before GC invocations=40 (full 0):
 garbage-first heap   total 258048K, used 223289K [0x0000000080000000, 0x0000000100000000)
  region size 1024K, 27 young (27648K), 2 survivors (2048K)
 Metaspace       used 120252K, capacity 123627K, committed 123812K, reserved 1157120K
  class space    used 14900K, capacity 16105K, committed 16128K, reserved 1048576K
}
Event: 2054.581 GC heap after
{Heap after GC invocations=41 (full 0):
 garbage-first heap   total 258048K, used 200657K [0x0000000080000000, 0x0000000100000000)
  region size 1024K, 4 young (4096K), 4 survivors (4096K)
 Metaspace       used 120252K, capacity 123627K, committed 123812K, reserved 1157120K
  class space    used 14900K, capacity 16105K, committed 16128K, reserved 1048576K
}
Event: 2054.959 GC heap before
{Heap before GC invocations=41 (full 0):
 garbage-first heap   total 258048K, used 208849K [0x0000000080000000, 0x0000000100000000)
  region size 1024K, 12 young (12288K), 4 survivors (4096K)
 Metaspace       used 121057K, capacity 124340K, committed 124452K, reserved 1157120K
  class space    used 15004K, capacity 16213K, committed 16256K, reserved 1048576K
}
Event: 2054.973 GC heap after
{Heap after GC invocations=42 (full 0):
 garbage-first heap   total 258048K, used 200942K [0x0000000080000000, 0x0000000100000000)
  region size 1024K, 1 young (1024K), 1 survivors (1024K)
 Metaspace       used 121057K, capacity 124340K, committed 124452K, reserved 1157120K
  class space    used 15004K, capacity 16213K, committed 16256K, reserved 1048576K
}
Event: 2056.000 GC heap before
{Heap before GC invocations=42 (full 0):
 garbage-first heap   total 258048K, used 224494K [0x0000000080000000, 0x0000000100000000)
  region size 1024K, 24 young (24576K), 1 survivors (1024K)
 Metaspace       used 123645K, capacity 126965K, committed 127140K, reserved 1159168K
  class space    used 15333K, capacity 16571K, committed 16640K, reserved 1048576K
}
Event: 2056.009 GC heap after
{Heap after GC invocations=43 (full 0):
 garbage-first heap   total 258048K, used 202755K [0x0000000080000000, 0x0000000100000000)
  region size 1024K, 3 young (3072K), 3 survivors (3072K)
 Metaspace       used 123645K, capacity 126965K, committed 127140K, reserved 1159168K
  class space    used 15333K, capacity 16571K, committed 16640K, reserved 1048576K
}
Event: 2058.176 GC heap before
{Heap before GC invocations=43 (full 0):
 garbage-first heap   total 258048K, used 223235K [0x0000000080000000, 0x0000000100000000)
  region size 1024K, 24 young (24576K), 3 survivors (3072K)
 Metaspace       used 126974K, capacity 130425K, committed 130596K, reserved 1163264K
  class space    used 15739K, capacity 16992K, committed 17024K, reserved 1048576K
}
Event: 2058.187 GC heap after
{Heap after GC invocations=44 (full 0):
 garbage-first heap   total 258048K, used 205178K [0x0000000080000000, 0x0000000100000000)
  region size 1024K, 3 young (3072K), 3 survivors (3072K)
 Metaspace       used 126974K, capacity 130425K, committed 130596K, reserved 1163264K
  class space    used 15739K, capacity 16992K, committed 17024K, reserved 1048576K
}
Event: 2059.140 GC heap before
{Heap before GC invocations=44 (full 0):
 garbage-first heap   total 258048K, used 223610K [0x0000000080000000, 0x0000000100000000)
  region size 1024K, 22 young (22528K), 3 survivors (3072K)
 Metaspace       used 127422K, capacity 130824K, committed 130980K, reserved 1163264K
  class space    used 15808K, capacity 17060K, committed 17152K, reserved 1048576K
}
Event: 2059.157 GC heap after
{Heap after GC invocations=45 (full 0):
 garbage-first heap   total 258048K, used 207009K [0x0000000080000000, 0x0000000100000000)
  region size 1024K, 3 young (3072K), 3 survivors (3072K)
 Metaspace       used 127422K, capacity 130824K, committed 130980K, reserved 1163264K
  class space    used 15808K, capacity 17060K, committed 17152K, reserved 1048576K
}
Event: 2060.404 GC heap before
{Heap before GC invocations=46 (full 0):
 garbage-first heap   total 258048K, used 223393K [0x0000000080000000, 0x0000000100000000)
  region size 1024K, 20 young (20480K), 3 survivors (3072K)
 Metaspace       used 127562K, capacity 130967K, committed 131236K, reserved 1163264K
  class space    used 15821K, capacity 17064K, committed 17152K, reserved 1048576K
}
Event: 2060.429 GC heap after
{Heap after GC invocations=47 (full 0):
 garbage-first heap   total 258048K, used 208273K [0x0000000080000000, 0x0000000100000000)
  region size 1024K, 2 young (2048K), 2 survivors (2048K)
 Metaspace       used 127562K, capacity 130967K, committed 131236K, reserved 1163264K
  class space    used 15821K, capacity 17064K, committed 17152K, reserved 1048576K
}
Event: 2061.155 GC heap before
{Heap before GC invocations=47 (full 0):
 garbage-first heap   total 258048K, used 225681K [0x0000000080000000, 0x0000000100000000)
  region size 1024K, 19 young (19456K), 2 survivors (2048K)
 Metaspace       used 128155K, capacity 131707K, committed 131876K, reserved 1163264K
  class space    used 15895K, capacity 17157K, committed 17280K, reserved 1048576K
}
Event: 2061.166 GC heap after
{Heap after GC invocations=48 (full 0):
 garbage-first heap   total 258048K, used 209036K [0x0000000080000000, 0x0000000100000000)
  region size 1024K, 1 young (1024K), 1 survivors (1024K)
 Metaspace       used 128155K, capacity 131707K, committed 131876K, reserved 1163264K
  class space    used 15895K, capacity 17157K, committed 17280K, reserved 1048576K
}

Deoptimization events (20 events):
Event: 2061.633 Thread 0x000001f138f83000 Uncommon trap: trap_request=0xffffffc6 fr.pc=0x000001f128d598dc relative=0x000000000000131c
Event: 2061.633 Thread 0x000001f138f83000 Uncommon trap: reason=bimorphic_or_optimized_type_check action=maybe_recompile pc=0x000001f128d598dc method=java.util.zip.ZipFile.getZipEntry(Ljava/lang/String;[BILjava/util/function/Function;)Ljava/util/zip/ZipEntry; @ 108 c2
Event: 2061.633 Thread 0x000001f138f83000 DEOPT PACKING pc=0x000001f128d598dc sp=0x0000000d25ef44a0
Event: 2061.633 Thread 0x000001f138f83000 DEOPT UNPACKING pc=0x000001f120e7a1af sp=0x0000000d25ef4458 mode 2
Event: 2061.633 Thread 0x000001f138f83000 Uncommon trap: trap_request=0xffffffc6 fr.pc=0x000001f128d598dc relative=0x000000000000131c
Event: 2061.633 Thread 0x000001f138f83000 Uncommon trap: reason=bimorphic_or_optimized_type_check action=maybe_recompile pc=0x000001f128d598dc method=java.util.zip.ZipFile.getZipEntry(Ljava/lang/String;[BILjava/util/function/Function;)Ljava/util/zip/ZipEntry; @ 108 c2
Event: 2061.633 Thread 0x000001f138f83000 DEOPT PACKING pc=0x000001f128d598dc sp=0x0000000d25ef44a0
Event: 2061.634 Thread 0x000001f138f83000 DEOPT UNPACKING pc=0x000001f120e7a1af sp=0x0000000d25ef4458 mode 2
Event: 2061.634 Thread 0x000001f138f83000 Uncommon trap: trap_request=0xffffffc6 fr.pc=0x000001f128d598dc relative=0x000000000000131c
Event: 2061.634 Thread 0x000001f138f83000 Uncommon trap: reason=bimorphic_or_optimized_type_check action=maybe_recompile pc=0x000001f128d598dc method=java.util.zip.ZipFile.getZipEntry(Ljava/lang/String;[BILjava/util/function/Function;)Ljava/util/zip/ZipEntry; @ 108 c2
Event: 2061.634 Thread 0x000001f138f83000 DEOPT PACKING pc=0x000001f128d598dc sp=0x0000000d25ef44a0
Event: 2061.634 Thread 0x000001f138f83000 DEOPT UNPACKING pc=0x000001f120e7a1af sp=0x0000000d25ef4458 mode 2
Event: 2061.638 Thread 0x000001f138f83000 Uncommon trap: trap_request=0xffffffc6 fr.pc=0x000001f128d598dc relative=0x000000000000131c
Event: 2061.638 Thread 0x000001f138f83000 Uncommon trap: reason=bimorphic_or_optimized_type_check action=maybe_recompile pc=0x000001f128d598dc method=java.util.zip.ZipFile.getZipEntry(Ljava/lang/String;[BILjava/util/function/Function;)Ljava/util/zip/ZipEntry; @ 108 c2
Event: 2061.638 Thread 0x000001f138f83000 DEOPT PACKING pc=0x000001f128d598dc sp=0x0000000d25ef44a0
Event: 2061.638 Thread 0x000001f138f83000 DEOPT UNPACKING pc=0x000001f120e7a1af sp=0x0000000d25ef4458 mode 2
Event: 2061.638 Thread 0x000001f138f83000 Uncommon trap: trap_request=0xffffff4d fr.pc=0x000001f128d5a880 relative=0x0000000000000060
Event: 2061.638 Thread 0x000001f138f83000 Uncommon trap: reason=unstable_if action=reinterpret pc=0x000001f128d5a880 method=java.util.zip.ZipFile$ZipEntryIterator.hasNext()Z @ 8 c2
Event: 2061.638 Thread 0x000001f138f83000 DEOPT PACKING pc=0x000001f128d5a880 sp=0x0000000d25ef4590
Event: 2061.638 Thread 0x000001f138f83000 DEOPT UNPACKING pc=0x000001f120e7a1af sp=0x0000000d25ef44c8 mode 2

Classes redefined (0 events):
No events

Internal exceptions (20 events):
Event: 2052.911 Thread 0x000001f138f83000 Implicit null exception at 0x000001f128c6ae16 to 0x000001f128c6e23c
Event: 2053.008 Thread 0x000001f138f83000 Implicit null exception at 0x000001f12948d06e to 0x000001f12948d7d8
Event: 2053.599 Thread 0x000001f138f83000 Exception <a 'sun/nio/fs/WindowsException'{0x000000008f6611c0}> (0x000000008f6611c0) thrown at [src/hotspot/share/prims/jni.cpp, line 617]
Event: 2053.626 Thread 0x000001f138f83000 Exception <a 'sun/nio/fs/WindowsException'{0x000000008f503f00}> (0x000000008f503f00) thrown at [src/hotspot/share/prims/jni.cpp, line 617]
Event: 2053.626 Thread 0x000001f138f83000 Exception <a 'sun/nio/fs/WindowsException'{0x000000008f505278}> (0x000000008f505278) thrown at [src/hotspot/share/prims/jni.cpp, line 617]
Event: 2053.627 Thread 0x000001f138f83000 Exception <a 'sun/nio/fs/WindowsException'{0x000000008f506640}> (0x000000008f506640) thrown at [src/hotspot/share/prims/jni.cpp, line 617]
Event: 2053.627 Thread 0x000001f138f83000 Exception <a 'sun/nio/fs/WindowsException'{0x000000008f507a08}> (0x000000008f507a08) thrown at [src/hotspot/share/prims/jni.cpp, line 617]
Event: 2053.824 Thread 0x000001f138f83000 Exception <a 'java/lang/NoSuchMethodError'{0x000000008f2a07a0}: 'int java.lang.invoke.DirectMethodHandle$Holder.invokeSpecialIFC(java.lang.Object, java.lang.Object, java.lang.Object)'> (0x000000008f2a07a0) thrown at [src/hotspot/share/interpreter/linkResolver.cpp, line 773]
Event: 2054.904 Thread 0x000001f138f86000 Exception <a 'java/lang/NoSuchMethodError'{0x000000008f5757c0}: <clinit>> (0x000000008f5757c0) thrown at [src/hotspot/share/prims/jni.cpp, line 1367]
Event: 2055.000 Thread 0x000001f138f83000 Implicit null exception at 0x000001f128917592 to 0x000001f128917d94
Event: 2055.059 Thread 0x000001f138f83000 Exception <a 'sun/nio/fs/WindowsException'{0x000000008fa86a80}> (0x000000008fa86a80) thrown at [src/hotspot/share/prims/jni.cpp, line 617]
Event: 2055.077 Thread 0x000001f138f83000 Implicit null exception at 0x000001f128fbe0f8 to 0x000001f128fc0790
Event: 2057.186 Thread 0x000001f138f83000 Implicit null exception at 0x000001f1292b2b58 to 0x000001f1292b659c
Event: 2057.194 Thread 0x000001f138f86000 Exception <a 'java/lang/NoSuchMethodError'{0x000000008f303738}: <clinit>> (0x000000008f303738) thrown at [src/hotspot/share/prims/jni.cpp, line 1367]
Event: 2057.202 Thread 0x000001f138f86000 Exception <a 'java/lang/NoSuchMethodError'{0x000000008f31fb30}: <clinit>> (0x000000008f31fb30) thrown at [src/hotspot/share/prims/jni.cpp, line 1367]
Event: 2057.203 Thread 0x000001f138f86000 Exception <a 'java/lang/NoSuchMethodError'{0x000000008f320c28}: <clinit>> (0x000000008f320c28) thrown at [src/hotspot/share/prims/jni.cpp, line 1367]
Event: 2058.965 Thread 0x000001f138f83000 Implicit null exception at 0x000001f1290846f8 to 0x000001f129084870
Event: 2058.965 Thread 0x000001f138f83000 Implicit null exception at 0x000001f1290841df to 0x000001f129084330
Event: 2058.985 Thread 0x000001f138f83000 Exception <a 'java/lang/NoSuchMethodError'{0x000000008eeef888}: 'java.lang.Object java.lang.invoke.DelegatingMethodHandle$Holder.reinvoke_L(java.lang.Object, int, int, java.lang.Object, java.lang.Object, java.lang.Object)'> (0x000000008eeef888) thrown at [src/hotspot/share/interpreter/linkResolver.cpp, line 773]
Event: 2061.584 Thread 0x000001f138f83000 Exception <a 'sun/nio/fs/WindowsException'{0x000000008f94d910}> (0x000000008f94d910) thrown at [src/hotspot/share/prims/jni.cpp, line 617]

Events (20 events):
Event: 2062.004 loading class kotlin/reflect/jvm/internal/impl/load/java/lazy/JavaResolverComponents
Event: 2062.004 loading class kotlin/reflect/jvm/internal/impl/load/java/lazy/JavaResolverComponents done
Event: 2062.007 loading class kotlin/reflect/jvm/internal/impl/load/java/components/SignaturePropagator
Event: 2062.007 loading class kotlin/reflect/jvm/internal/impl/load/java/components/SignaturePropagator done
Event: 2062.008 loading class kotlin/reflect/jvm/internal/impl/load/java/components/SignaturePropagator$1
Event: 2062.008 loading class kotlin/reflect/jvm/internal/impl/load/java/components/SignaturePropagator$1 done
Event: 2062.009 loading class kotlin/reflect/jvm/internal/impl/load/java/components/JavaResolverCache
Event: 2062.009 loading class kotlin/reflect/jvm/internal/impl/load/java/components/JavaResolverCache done
Event: 2062.010 loading class kotlin/reflect/jvm/internal/impl/load/java/components/JavaResolverCache$1
Event: 2062.010 loading class kotlin/reflect/jvm/internal/impl/load/java/components/JavaResolverCache$1 done
Event: 2062.012 loading class kotlin/reflect/jvm/internal/impl/load/java/components/JavaPropertyInitializerEvaluator$DoNothing
Event: 2062.012 loading class kotlin/reflect/jvm/internal/impl/load/java/components/JavaPropertyInitializerEvaluator$DoNothing done
Event: 2062.013 loading class kotlin/reflect/jvm/internal/impl/load/java/components/JavaPropertyInitializerEvaluator
Event: 2062.013 loading class kotlin/reflect/jvm/internal/impl/load/java/components/JavaPropertyInitializerEvaluator done
Event: 2062.014 loading class kotlin/reflect/jvm/internal/impl/resolve/sam/SamConversionResolverImpl
Event: 2062.014 loading class kotlin/reflect/jvm/internal/impl/resolve/sam/SamConversionResolverImpl done
Event: 2062.018 loading class kotlin/reflect/jvm/internal/impl/resolve/sam/SamConversionResolver
Event: 2062.018 loading class kotlin/reflect/jvm/internal/impl/resolve/sam/SamConversionResolver done
Event: 2062.019 loading class kotlin/reflect/jvm/internal/impl/storage/LockBasedStorageManager$CacheWithNullableValuesBasedOnMemoizedFunction
Event: 2062.019 loading class kotlin/reflect/jvm/internal/impl/storage/LockBasedStorageManager$CacheWithNullableValuesBasedOnMemoizedFunction done


Dynamic libraries:
0x00007ff628870000 - 0x00007ff62887a000 	C:\Program Files\Android\Android Studio3\jbr\bin\java.exe
0x00007ff865f80000 - 0x00007ff866189000 	C:\WINDOWS\SYSTEM32\ntdll.dll
0x00007ff8653a0000 - 0x00007ff86545e000 	C:\WINDOWS\System32\KERNEL32.DLL
0x00007ff8635c0000 - 0x00007ff86393b000 	C:\WINDOWS\System32\KERNELBASE.dll
0x00007ff8604f0000 - 0x00007ff860582000 	C:\WINDOWS\SYSTEM32\apphelp.dll
0x00007ff863ba0000 - 0x00007ff863cb1000 	C:\WINDOWS\System32\ucrtbase.dll
0x00007ff85da60000 - 0x00007ff85da77000 	C:\Program Files\Android\Android Studio3\jbr\bin\jli.dll
0x00007ff851a40000 - 0x00007ff851a5b000 	C:\Program Files\Android\Android Studio3\jbr\bin\VCRUNTIME140.dll
0x00007ff864b30000 - 0x00007ff864cdd000 	C:\WINDOWS\System32\USER32.dll
0x00007ff85a510000 - 0x00007ff85a7b5000 	C:\WINDOWS\WinSxS\amd64_microsoft.windows.common-controls_6595b64144ccf1df_6.0.22000.120_none_9d947278b86cc467\COMCTL32.dll
0x00007ff863b70000 - 0x00007ff863b96000 	C:\WINDOWS\System32\win32u.dll
0x00007ff865b70000 - 0x00007ff865c13000 	C:\WINDOWS\System32\msvcrt.dll
0x00007ff864ce0000 - 0x00007ff864d09000 	C:\WINDOWS\System32\GDI32.dll
0x00007ff863940000 - 0x00007ff863a58000 	C:\WINDOWS\System32\gdi32full.dll
0x00007ff863a60000 - 0x00007ff863afd000 	C:\WINDOWS\System32\msvcp_win.dll
0x00007ff864af0000 - 0x00007ff864b22000 	C:\WINDOWS\System32\IMM32.DLL
0x00007ff85def0000 - 0x00007ff85defc000 	C:\Program Files\Android\Android Studio3\jbr\bin\vcruntime140_1.dll
0x00007ff83f2b0000 - 0x00007ff83f33d000 	C:\Program Files\Android\Android Studio3\jbr\bin\msvcp140.dll
0x00007fffed0b0000 - 0x00007fffedc6c000 	C:\Program Files\Android\Android Studio3\jbr\bin\server\jvm.dll
0x00007ff864210000 - 0x00007ff8642be000 	C:\WINDOWS\System32\ADVAPI32.dll
0x00007ff8659e0000 - 0x00007ff865a7e000 	C:\WINDOWS\System32\sechost.dll
0x00007ff865280000 - 0x00007ff8653a0000 	C:\WINDOWS\System32\RPCRT4.dll
0x00007ff865a80000 - 0x00007ff865a88000 	C:\WINDOWS\System32\PSAPI.DLL
0x00007ff85c760000 - 0x00007ff85c769000 	C:\WINDOWS\SYSTEM32\WSOCK32.dll
0x00007ff85d980000 - 0x00007ff85d9b3000 	C:\WINDOWS\SYSTEM32\WINMM.dll
0x00007ff8642c0000 - 0x00007ff86432f000 	C:\WINDOWS\System32\WS2_32.dll
0x00007ff85c380000 - 0x00007ff85c38a000 	C:\WINDOWS\SYSTEM32\VERSION.dll
0x00007ff8625c0000 - 0x00007ff8625d8000 	C:\WINDOWS\SYSTEM32\kernel.appcore.dll
0x00007ff84c4f0000 - 0x00007ff84c500000 	C:\Program Files\Android\Android Studio3\jbr\bin\verify.dll
0x00007ff8606b0000 - 0x00007ff8608d1000 	C:\WINDOWS\SYSTEM32\DBGHELP.DLL
0x00007ff85c7b0000 - 0x00007ff85c7e1000 	C:\WINDOWS\SYSTEM32\dbgcore.DLL
0x00007ff863cc0000 - 0x00007ff863d3f000 	C:\WINDOWS\System32\bcryptPrimitives.dll
0x00007ff844eb0000 - 0x00007ff844ed8000 	C:\Program Files\Android\Android Studio3\jbr\bin\java.dll
0x00007ff84bed0000 - 0x00007ff84beda000 	C:\Program Files\Android\Android Studio3\jbr\bin\jimage.dll
0x00007ff84af60000 - 0x00007ff84af78000 	C:\Program Files\Android\Android Studio3\jbr\bin\zip.dll
0x00007ff864330000 - 0x00007ff864ae7000 	C:\WINDOWS\System32\SHELL32.dll
0x00007ff861550000 - 0x00007ff861db5000 	C:\WINDOWS\SYSTEM32\windows.storage.dll
0x00007ff863e90000 - 0x00007ff864208000 	C:\WINDOWS\System32\combase.dll
0x00007ff8613e0000 - 0x00007ff861546000 	C:\WINDOWS\SYSTEM32\wintypes.dll
0x00007ff865c40000 - 0x00007ff865d2a000 	C:\WINDOWS\System32\SHCORE.dll
0x00007ff864dd0000 - 0x00007ff864e2d000 	C:\WINDOWS\System32\shlwapi.dll
0x00007ff863380000 - 0x00007ff8633a1000 	C:\WINDOWS\SYSTEM32\profapi.dll
0x00007ff845ec0000 - 0x00007ff845ed9000 	C:\Program Files\Android\Android Studio3\jbr\bin\net.dll
0x00007ff85eb90000 - 0x00007ff85eca4000 	C:\WINDOWS\SYSTEM32\WINHTTP.dll
0x00007ff862a60000 - 0x00007ff862ac7000 	C:\WINDOWS\system32\mswsock.dll
0x00007ff844060000 - 0x00007ff844073000 	C:\Program Files\Android\Android Studio3\jbr\bin\nio.dll
0x00007ff85bf00000 - 0x00007ff85bf27000 	C:\Users\keyar\.gradle\native\e1d6ef7f7dcc3fd88c89a11ec53ec762bb8ba0a96d01ffa2cd45eb1d1d8dd5c5\windows-amd64\native-platform.dll
0x00007ff82c570000 - 0x00007ff82c6b4000 	C:\Users\keyar\.gradle\native\0d407fdbe67a94daf76414ababcb853783967236a71b16ec16e742cd7a986fd3\windows-amd64\native-platform-file-events.dll
0x00007ff84af30000 - 0x00007ff84af3a000 	C:\Program Files\Android\Android Studio3\jbr\bin\management.dll
0x00007ff845680000 - 0x00007ff84568b000 	C:\Program Files\Android\Android Studio3\jbr\bin\management_ext.dll
0x00007ff862ca0000 - 0x00007ff862cb8000 	C:\WINDOWS\SYSTEM32\CRYPTSP.dll
0x00007ff862520000 - 0x00007ff862555000 	C:\WINDOWS\system32\rsaenh.dll
0x00007ff862b50000 - 0x00007ff862b79000 	C:\WINDOWS\SYSTEM32\USERENV.dll
0x00007ff862e30000 - 0x00007ff862e57000 	C:\WINDOWS\SYSTEM32\bcrypt.dll
0x00007ff862cc0000 - 0x00007ff862ccc000 	C:\WINDOWS\SYSTEM32\CRYPTBASE.dll
0x00007ff862180000 - 0x00007ff8621ad000 	C:\WINDOWS\SYSTEM32\IPHLPAPI.DLL
0x00007ff863e80000 - 0x00007ff863e89000 	C:\WINDOWS\System32\NSI.dll
0x00007ff85e0e0000 - 0x00007ff85e0f9000 	C:\WINDOWS\SYSTEM32\dhcpcsvc6.DLL
0x00007ff85e480000 - 0x00007ff85e49e000 	C:\WINDOWS\SYSTEM32\dhcpcsvc.DLL
0x00007ff8621b0000 - 0x00007ff862298000 	C:\WINDOWS\SYSTEM32\DNSAPI.dll
0x00007ff814a70000 - 0x00007ff814a87000 	C:\WINDOWS\system32\napinsp.dll
0x00007ff811240000 - 0x00007ff81125b000 	C:\WINDOWS\system32\pnrpnsp.dll
0x00007ff811220000 - 0x00007ff811232000 	C:\WINDOWS\System32\winrnr.dll
0x00007ff85cc10000 - 0x00007ff85cc25000 	C:\WINDOWS\system32\wshbth.dll
0x00007ff84b130000 - 0x00007ff84b14f000 	C:\WINDOWS\system32\nlansp_c.dll
0x00007ff85cb70000 - 0x00007ff85cb7a000 	C:\Windows\System32\rasadhlp.dll
0x00007ff85ca70000 - 0x00007ff85caf1000 	C:\WINDOWS\System32\fwpuclnt.dll
0x00007ff8625e0000 - 0x00007ff862614000 	C:\WINDOWS\SYSTEM32\ntmarta.dll
0x00007ff851990000 - 0x00007ff8519b7000 	C:\Program Files\Android\Android Studio3\jbr\bin\sunec.dll

dbghelp: loaded successfully - version: 4.0.5 - missing functions: none
symbol engine: initialized successfully - sym options: 0x614 - pdb path: .;C:\Program Files\Android\Android Studio3\jbr\bin;C:\WINDOWS\SYSTEM32;C:\WINDOWS\WinSxS\amd64_microsoft.windows.common-controls_6595b64144ccf1df_6.0.22000.120_none_9d947278b86cc467;C:\Program Files\Android\Android Studio3\jbr\bin\server;C:\Users\keyar\.gradle\native\e1d6ef7f7dcc3fd88c89a11ec53ec762bb8ba0a96d01ffa2cd45eb1d1d8dd5c5\windows-amd64;C:\Users\keyar\.gradle\native\0d407fdbe67a94daf76414ababcb853783967236a71b16ec16e742cd7a986fd3\windows-amd64

VM Arguments:
jvm_args: --add-opens=java.base/java.util=ALL-UNNAMED --add-opens=java.base/java.lang=ALL-UNNAMED --add-opens=java.base/java.lang.invoke=ALL-UNNAMED --add-opens=java.base/java.util=ALL-UNNAMED --add-opens=java.prefs/java.util.prefs=ALL-UNNAMED --add-opens=java.prefs/java.util.prefs=ALL-UNNAMED --add-opens=java.base/java.nio.charset=ALL-UNNAMED --add-opens=java.base/java.net=ALL-UNNAMED --add-opens=java.base/java.util.concurrent.atomic=ALL-UNNAMED -Xmx2048m -Dfile.encoding=UTF-8 -Duser.country=US -Duser.language=en -Duser.variant 
java_command: org.gradle.launcher.daemon.bootstrap.GradleDaemon 7.5
java_class_path (initial): C:\Users\keyar\.gradle\wrapper\dists\gradle-7.5-bin\f1w0cc9nuo0eivz97x2xlu9sv\gradle-7.5\lib\gradle-launcher-7.5.jar
Launcher Type: SUN_STANDARD

[Global flags]
     intx CICompilerCount                          = 4                                         {product} {ergonomic}
     uint ConcGCThreads                            = 2                                         {product} {ergonomic}
     uint G1ConcRefinementThreads                  = 8                                         {product} {ergonomic}
   size_t G1HeapRegionSize                         = 1048576                                   {product} {ergonomic}
    uintx GCDrainStackTargetSize                   = 64                                        {product} {ergonomic}
   size_t InitialHeapSize                          = 264241152                                 {product} {ergonomic}
   size_t MarkStackSize                            = 4194304                                   {product} {ergonomic}
   size_t MaxHeapSize                              = 2147483648                                {product} {command line}
   size_t MaxNewSize                               = 1287651328                                {product} {ergonomic}
   size_t MinHeapDeltaBytes                        = 1048576                                   {product} {ergonomic}
    uintx NonNMethodCodeHeapSize                   = 5836300                                {pd product} {ergonomic}
    uintx NonProfiledCodeHeapSize                  = 122910970                              {pd product} {ergonomic}
    uintx ProfiledCodeHeapSize                     = 122910970                              {pd product} {ergonomic}
    uintx ReservedCodeCacheSize                    = 251658240                              {pd product} {ergonomic}
     bool SegmentedCodeCache                       = true                                      {product} {ergonomic}
     bool UseCompressedClassPointers               = true                                 {lp64_product} {ergonomic}
     bool UseCompressedOops                        = true                                 {lp64_product} {ergonomic}
     bool UseG1GC                                  = true                                      {product} {ergonomic}
     bool UseLargePagesIndividualAllocation        = false                                  {pd product} {ergonomic}

Logging:
Log output configuration:
 #0: stdout all=warning uptime,level,tags
 #1: stderr all=off uptime,level,tags

Environment Variables:
PATH=C:\Program Files\Google\Chrome\Application;C:\Program Files\Common Files\Oracle\Java\javapath;C:\WINDOWS\system32;C:\WINDOWS;C:\WINDOWS\System32\Wbem;C:\WINDOWS\System32\WindowsPowerShell\v1.0\;C:\WINDOWS\System32\OpenSSH\;C:\Program Files\Git\cmd;C:\Users\keyar\AppData\Local\flutter\bin;C:\Users\keyar\AppData\Local\Microsoft\WindowsApps;;C:\Users\keyar\AppData\Local\Microsoft\WindowsApps;C:\Users\keyar\AppData\Local\Programs\Microsoft VS Code\bin
USERNAME=keyar
OS=Windows_NT
PROCESSOR_IDENTIFIER=Intel64 Family 6 Model 142 Stepping 12, GenuineIntel



---------------  S Y S T E M  ---------------

OS: Windows 11 , 64 bit Build 22000 (10.0.22000.1335)
OS uptime: 3 days 2:39 hours

CPU:total 8 (initial active 8) (4 cores per cpu, 2 threads per core) family 6 model 142 stepping 12 microcode 0xde, cmov, cx8, fxsr, mmx, sse, sse2, sse3, ssse3, sse4.1, sse4.2, popcnt, avx, avx2, aes, clmul, erms, 3dnowpref, lzcnt, ht, tsc, tscinvbit, bmi1, bmi2, adx, fma

Memory: 4k page, system-wide physical 16102M (1246M free)
TotalPageFile size 46467M (AvailPageFile size 3M)
current process WorkingSet (physical memory assigned to process): 574M, peak: 592M
current process commit charge ("private bytes"): 659M, peak: 664M

vm_info: OpenJDK 64-Bit Server VM (11.0.15+0-b2043.56-9505619) for windows-amd64 JRE (11.0.15+0-b2043.56-9505619), built on Jan 19 2023 02:48:00 by "builduser" with unknown MS VC++:1929

END.
